Added Component: Designator=C1(C 0402_L)
Add component. Clean all parameters for all variants
Add component (AddParameter): Name = "BOM名称"; Value = "无极性贴片电容"; VariantName = "[No Variations]"
Add component (AddParameter): Name = "唯一出售店铺网址"; Value = "https://shop463601444.taobao.com"; VariantName = "[No Variations]"
Add component (AddParameter): Name = "淘宝ID"; Value = "封装库来自淘宝 ID：黄晶宝石"; VariantName = "[No Variations]"
Add component (AddParameter): Name = "联系售后，技术支持"; Value = "https://shop463601444.taobao.com"; VariantName = "[No Variations]"
Added Component: Designator=C2(C 0402_L)
Add component. Clean all parameters for all variants
Add component (AddParameter): Name = "BOM名称"; Value = "无极性贴片电容"; VariantName = "[No Variations]"
Add component (AddParameter): Name = "唯一出售店铺网址"; Value = "https://shop463601444.taobao.com"; VariantName = "[No Variations]"
Add component (AddParameter): Name = "淘宝ID"; Value = "封装库来自淘宝 ID：黄晶宝石"; VariantName = "[No Variations]"
Add component (AddParameter): Name = "联系售后，技术支持"; Value = "https://shop463601444.taobao.com"; VariantName = "[No Variations]"
Added Component: Designator=C3(C 0402_L)
Add component. Clean all parameters for all variants
Add component (AddParameter): Name = "BOM名称"; Value = "无极性贴片电容"; VariantName = "[No Variations]"
Add component (AddParameter): Name = "唯一出售店铺网址"; Value = "https://shop463601444.taobao.com"; VariantName = "[No Variations]"
Add component (AddParameter): Name = "淘宝ID"; Value = "封装库来自淘宝 ID：黄晶宝石"; VariantName = "[No Variations]"
Add component (AddParameter): Name = "联系售后，技术支持"; Value = "https://shop463601444.taobao.com"; VariantName = "[No Variations]"
Added Component: Designator=C4(C 0402_L)
Add component. Clean all parameters for all variants
Add component (AddParameter): Name = "BOM名称"; Value = "无极性贴片电容"; VariantName = "[No Variations]"
Add component (AddParameter): Name = "唯一出售店铺网址"; Value = "https://shop463601444.taobao.com"; VariantName = "[No Variations]"
Add component (AddParameter): Name = "淘宝ID"; Value = "封装库来自淘宝 ID：黄晶宝石"; VariantName = "[No Variations]"
Add component (AddParameter): Name = "联系售后，技术支持"; Value = "https://shop463601444.taobao.com"; VariantName = "[No Variations]"
Added Component: Designator=C5(C 0402_L)
Add component. Clean all parameters for all variants
Add component (AddParameter): Name = "BOM名称"; Value = "无极性贴片电容"; VariantName = "[No Variations]"
Add component (AddParameter): Name = "唯一出售店铺网址"; Value = "https://shop463601444.taobao.com"; VariantName = "[No Variations]"
Add component (AddParameter): Name = "淘宝ID"; Value = "封装库来自淘宝 ID：黄晶宝石"; VariantName = "[No Variations]"
Add component (AddParameter): Name = "联系售后，技术支持"; Value = "https://shop463601444.taobao.com"; VariantName = "[No Variations]"
Added Component: Designator=C6(C 0603_L)
Add component. Clean all parameters for all variants
Add component (AddParameter): Name = "BOM名称"; Value = "无极性贴片电容"; VariantName = "[No Variations]"
Add component (AddParameter): Name = "唯一出售店铺网址"; Value = "https://shop463601444.taobao.com"; VariantName = "[No Variations]"
Add component (AddParameter): Name = "淘宝ID"; Value = "封装库来自淘宝 ID：黄晶宝石"; VariantName = "[No Variations]"
Add component (AddParameter): Name = "联系售后，技术支持"; Value = "https://shop463601444.taobao.com"; VariantName = "[No Variations]"
Added Component: Designator=C7(C 0402_L)
Add component. Clean all parameters for all variants
Add component (AddParameter): Name = "BOM名称"; Value = "无极性贴片电容"; VariantName = "[No Variations]"
Add component (AddParameter): Name = "唯一出售店铺网址"; Value = "https://shop463601444.taobao.com"; VariantName = "[No Variations]"
Add component (AddParameter): Name = "淘宝ID"; Value = "封装库来自淘宝 ID：黄晶宝石"; VariantName = "[No Variations]"
Add component (AddParameter): Name = "联系售后，技术支持"; Value = "https://shop463601444.taobao.com"; VariantName = "[No Variations]"
Added Component: Designator=C8(C 0402_L)
Add component. Clean all parameters for all variants
Add component (AddParameter): Name = "BOM名称"; Value = "无极性贴片电容"; VariantName = "[No Variations]"
Add component (AddParameter): Name = "唯一出售店铺网址"; Value = "https://shop463601444.taobao.com"; VariantName = "[No Variations]"
Add component (AddParameter): Name = "淘宝ID"; Value = "封装库来自淘宝 ID：黄晶宝石"; VariantName = "[No Variations]"
Add component (AddParameter): Name = "联系售后，技术支持"; Value = "https://shop463601444.taobao.com"; VariantName = "[No Variations]"
Added Component: Designator=C9(C 0402_L)
Add component. Clean all parameters for all variants
Add component (AddParameter): Name = "BOM名称"; Value = "无极性贴片电容"; VariantName = "[No Variations]"
Add component (AddParameter): Name = "唯一出售店铺网址"; Value = "https://shop463601444.taobao.com"; VariantName = "[No Variations]"
Add component (AddParameter): Name = "淘宝ID"; Value = "封装库来自淘宝 ID：黄晶宝石"; VariantName = "[No Variations]"
Add component (AddParameter): Name = "联系售后，技术支持"; Value = "https://shop463601444.taobao.com"; VariantName = "[No Variations]"
Added Component: Designator=C10(C 0402_L)
Add component. Clean all parameters for all variants
Add component (AddParameter): Name = "BOM名称"; Value = "无极性贴片电容"; VariantName = "[No Variations]"
Add component (AddParameter): Name = "唯一出售店铺网址"; Value = "https://shop463601444.taobao.com"; VariantName = "[No Variations]"
Add component (AddParameter): Name = "淘宝ID"; Value = "封装库来自淘宝 ID：黄晶宝石"; VariantName = "[No Variations]"
Add component (AddParameter): Name = "联系售后，技术支持"; Value = "https://shop463601444.taobao.com"; VariantName = "[No Variations]"
Added Component: Designator=C11(C 0402_L)
Add component. Clean all parameters for all variants
Add component (AddParameter): Name = "BOM名称"; Value = "无极性贴片电容"; VariantName = "[No Variations]"
Add component (AddParameter): Name = "唯一出售店铺网址"; Value = "https://shop463601444.taobao.com"; VariantName = "[No Variations]"
Add component (AddParameter): Name = "淘宝ID"; Value = "封装库来自淘宝 ID：黄晶宝石"; VariantName = "[No Variations]"
Add component (AddParameter): Name = "联系售后，技术支持"; Value = "https://shop463601444.taobao.com"; VariantName = "[No Variations]"
Added Component: Designator=C12(C 0402_L)
Add component. Clean all parameters for all variants
Add component (AddParameter): Name = "BOM名称"; Value = "无极性贴片电容"; VariantName = "[No Variations]"
Add component (AddParameter): Name = "唯一出售店铺网址"; Value = "https://shop463601444.taobao.com"; VariantName = "[No Variations]"
Add component (AddParameter): Name = "淘宝ID"; Value = "封装库来自淘宝 ID：黄晶宝石"; VariantName = "[No Variations]"
Add component (AddParameter): Name = "联系售后，技术支持"; Value = "https://shop463601444.taobao.com"; VariantName = "[No Variations]"
Added Component: Designator=C13(C 0402_L)
Add component. Clean all parameters for all variants
Add component (AddParameter): Name = "BOM名称"; Value = "无极性贴片电容"; VariantName = "[No Variations]"
Add component (AddParameter): Name = "唯一出售店铺网址"; Value = "https://shop463601444.taobao.com"; VariantName = "[No Variations]"
Add component (AddParameter): Name = "淘宝ID"; Value = "封装库来自淘宝 ID：黄晶宝石"; VariantName = "[No Variations]"
Add component (AddParameter): Name = "联系售后，技术支持"; Value = "https://shop463601444.taobao.com"; VariantName = "[No Variations]"
Added Component: Designator=C14(C 0603_L)
Add component. Clean all parameters for all variants
Add component (AddParameter): Name = "BOM名称"; Value = "无极性贴片电容"; VariantName = "[No Variations]"
Add component (AddParameter): Name = "唯一出售店铺网址"; Value = "https://shop463601444.taobao.com"; VariantName = "[No Variations]"
Add component (AddParameter): Name = "淘宝ID"; Value = "封装库来自淘宝 ID：黄晶宝石"; VariantName = "[No Variations]"
Add component (AddParameter): Name = "联系售后，技术支持"; Value = "https://shop463601444.taobao.com"; VariantName = "[No Variations]"
Added Component: Designator=C15(C 0603_L)
Add component. Clean all parameters for all variants
Add component (AddParameter): Name = "BOM名称"; Value = "无极性贴片电容"; VariantName = "[No Variations]"
Add component (AddParameter): Name = "唯一出售店铺网址"; Value = "https://shop463601444.taobao.com"; VariantName = "[No Variations]"
Add component (AddParameter): Name = "淘宝ID"; Value = "封装库来自淘宝 ID：黄晶宝石"; VariantName = "[No Variations]"
Add component (AddParameter): Name = "联系售后，技术支持"; Value = "https://shop463601444.taobao.com"; VariantName = "[No Variations]"
Added Component: Designator=C16(C 0603_L)
Add component. Clean all parameters for all variants
Add component (AddParameter): Name = "BOM名称"; Value = "无极性贴片电容"; VariantName = "[No Variations]"
Add component (AddParameter): Name = "唯一出售店铺网址"; Value = "https://shop463601444.taobao.com"; VariantName = "[No Variations]"
Add component (AddParameter): Name = "淘宝ID"; Value = "封装库来自淘宝 ID：黄晶宝石"; VariantName = "[No Variations]"
Add component (AddParameter): Name = "联系售后，技术支持"; Value = "https://shop463601444.taobao.com"; VariantName = "[No Variations]"
Added Component: Designator=C17(C 0603_L)
Add component. Clean all parameters for all variants
Add component (AddParameter): Name = "BOM名称"; Value = "无极性贴片电容"; VariantName = "[No Variations]"
Add component (AddParameter): Name = "唯一出售店铺网址"; Value = "https://shop463601444.taobao.com"; VariantName = "[No Variations]"
Add component (AddParameter): Name = "淘宝ID"; Value = "封装库来自淘宝 ID：黄晶宝石"; VariantName = "[No Variations]"
Add component (AddParameter): Name = "联系售后，技术支持"; Value = "https://shop463601444.taobao.com"; VariantName = "[No Variations]"
Added Component: Designator=CON1(DC-005)
Add component. Clean all parameters for all variants
Add component (AddParameter): Name = "BOM名称"; Value = "DC电源接口"; VariantName = "[No Variations]"
Add component (AddParameter): Name = "学习资源"; Value = "www.ooocke.com"; VariantName = "[No Variations]"
Add component (AddParameter): Name = "版权归属"; Value = "源创客"; VariantName = "[No Variations]"
Added Component: Designator=D1(SMA)
Add component. Clean all parameters for all variants
Add component (AddParameter): Name = "BOM名称"; Value = "肖特基二极管"; VariantName = "[No Variations]"
Add component (AddParameter): Name = "学习资源"; Value = "www.ooocke.com"; VariantName = "[No Variations]"
Add component (AddParameter): Name = "属性"; Value = "40V/3A"; VariantName = "[No Variations]"
Add component (AddParameter): Name = "版权归属"; Value = "源创客"; VariantName = "[No Variations]"
Added Component: Designator=D2(SOD-123)
Add component. Clean all parameters for all variants
Add component (AddParameter): Name = "BOM名称"; Value = "肖特基二极管"; VariantName = "[No Variations]"
Add component (AddParameter): Name = "属性"; Value = "40V/2A"; VariantName = "[No Variations]"
Add component (AddParameter): Name = "欢迎光临"; Value = "https://shop463601444.taobao.com"; VariantName = "[No Variations]"
Add component (AddParameter): Name = "淘宝ID"; Value = "封装库来自淘宝 ID：黄晶宝石"; VariantName = "[No Variations]"
Added Component: Designator=D3(SOD-123)
Add component. Clean all parameters for all variants
Add component (AddParameter): Name = "BOM名称"; Value = "肖特基二极管"; VariantName = "[No Variations]"
Add component (AddParameter): Name = "属性"; Value = "40V/2A"; VariantName = "[No Variations]"
Add component (AddParameter): Name = "欢迎光临"; Value = "https://shop463601444.taobao.com"; VariantName = "[No Variations]"
Add component (AddParameter): Name = "淘宝ID"; Value = "封装库来自淘宝 ID：黄晶宝石"; VariantName = "[No Variations]"
Added Component: Designator=D4(SOD-123)
Add component. Clean all parameters for all variants
Add component (AddParameter): Name = "BOM名称"; Value = "肖特基二极管"; VariantName = "[No Variations]"
Add component (AddParameter): Name = "属性"; Value = "40V/2A"; VariantName = "[No Variations]"
Add component (AddParameter): Name = "欢迎光临"; Value = "https://shop463601444.taobao.com"; VariantName = "[No Variations]"
Add component (AddParameter): Name = "淘宝ID"; Value = "封装库来自淘宝 ID：黄晶宝石"; VariantName = "[No Variations]"
Added Component: Designator=D5(SOD-123)
Add component. Clean all parameters for all variants
Add component (AddParameter): Name = "BOM名称"; Value = "肖特基二极管"; VariantName = "[No Variations]"
Add component (AddParameter): Name = "属性"; Value = "40V/2A"; VariantName = "[No Variations]"
Add component (AddParameter): Name = "欢迎光临"; Value = "https://shop463601444.taobao.com"; VariantName = "[No Variations]"
Add component (AddParameter): Name = "淘宝ID"; Value = "封装库来自淘宝 ID：黄晶宝石"; VariantName = "[No Variations]"
Added Component: Designator=E1(CD A(3216))
Add component. Clean all parameters for all variants
Add component (AddParameter): Name = "BOM名称"; Value = "贴片钽电容"; VariantName = "[No Variations]"
Add component (AddParameter): Name = "淘宝ID"; Value = "封装库来自淘宝 ID：黄晶宝石"; VariantName = "[No Variations]"
Add component (AddParameter): Name = "联系售后"; Value = "https://shop463601444.taobao.com"; VariantName = "[No Variations]"
Added Component: Designator=E2(CD A(3216))
Add component. Clean all parameters for all variants
Add component (AddParameter): Name = "BOM名称"; Value = "贴片钽电容"; VariantName = "[No Variations]"
Add component (AddParameter): Name = "淘宝ID"; Value = "封装库来自淘宝 ID：黄晶宝石"; VariantName = "[No Variations]"
Add component (AddParameter): Name = "联系售后"; Value = "https://shop463601444.taobao.com"; VariantName = "[No Variations]"
Added Component: Designator=E3(CD A(3216))
Add component. Clean all parameters for all variants
Add component (AddParameter): Name = "BOM名称"; Value = "贴片钽电容"; VariantName = "[No Variations]"
Add component (AddParameter): Name = "淘宝ID"; Value = "封装库来自淘宝 ID：黄晶宝石"; VariantName = "[No Variations]"
Add component (AddParameter): Name = "联系售后"; Value = "https://shop463601444.taobao.com"; VariantName = "[No Variations]"
Added Component: Designator=IC1(SOP20_L)
Add component. Clean all parameters for all variants
Added Component: Designator=IC2(SOP24_N)
Add component. Clean all parameters for all variants
Add component (AddParameter): Name = "BOM名称"; Value = "4线转16线译码器"; VariantName = "[No Variations]"
Add component (AddParameter): Name = "学习资源"; Value = "www.ooocke.com"; VariantName = "[No Variations]"
Add component (AddParameter): Name = "版权归属"; Value = "源创客"; VariantName = "[No Variations]"
Added Component: Designator=IC3(SOP20_L)
Add component. Clean all parameters for all variants
Added Component: Designator=IC4(SOP8_L)
Add component. Clean all parameters for all variants
Add component (AddParameter): Name = "BOM名称"; Value = "CAN总线收发芯片"; VariantName = "[No Variations]"
Add component (AddParameter): Name = "学习资源"; Value = "https://shop463601444.taobao.com"; VariantName = "[No Variations]"
Add component (AddParameter): Name = "版权归属"; Value = "封装库来自淘宝 ID：黄晶宝石"; VariantName = "[No Variations]"
Added Component: Designator=JP1(下载接口)
Add component. Clean all parameters for all variants
Added Component: Designator=JP2(KF350-2P)
Add component. Clean all parameters for all variants
Add component (AddParameter): Name = "BOM名称"; Value = "2P接插件"; VariantName = "[No Variations]"
Add component (AddParameter): Name = "技术支持，联系售后"; Value = "https://shop463601444.taobao.com"; VariantName = "[No Variations]"
Add component (AddParameter): Name = "版权归属"; Value = "封装库来自淘宝卖家 ID：黄晶宝石"; VariantName = "[No Variations]"
Added Component: Designator=JP3(柔性传感器)
Add component. Clean all parameters for all variants
Added Component: Designator=LED1(LED 0603G)
Add component. Clean all parameters for all variants
Add component (AddParameter): Name = "BOM名称"; Value = "贴片LED"; VariantName = "[No Variations]"
Add component (AddParameter): Name = "学习资源"; Value = "https://shop463601444.taobao.com"; VariantName = "[No Variations]"
Add component (AddParameter): Name = "版权归属"; Value = "封装库来自淘宝 ID：黄晶宝石"; VariantName = "[No Variations]"
Added Component: Designator=LED2(LED 0603B)
Add component. Clean all parameters for all variants
Add component (AddParameter): Name = "BOM名称"; Value = "贴片LED"; VariantName = "[No Variations]"
Add component (AddParameter): Name = "学习资源"; Value = "https://shop463601444.taobao.com"; VariantName = "[No Variations]"
Add component (AddParameter): Name = "版权归属"; Value = "封装库来自淘宝 ID：黄晶宝石"; VariantName = "[No Variations]"
Added Component: Designator=LED3(LED 0603B)
Add component. Clean all parameters for all variants
Add component (AddParameter): Name = "BOM名称"; Value = "贴片LED"; VariantName = "[No Variations]"
Add component (AddParameter): Name = "学习资源"; Value = "https://shop463601444.taobao.com"; VariantName = "[No Variations]"
Add component (AddParameter): Name = "版权归属"; Value = "封装库来自淘宝 ID：黄晶宝石"; VariantName = "[No Variations]"
Added Component: Designator=LED4(LED 0603G)
Add component. Clean all parameters for all variants
Add component (AddParameter): Name = "BOM名称"; Value = "贴片LED"; VariantName = "[No Variations]"
Add component (AddParameter): Name = "学习资源"; Value = "https://shop463601444.taobao.com"; VariantName = "[No Variations]"
Add component (AddParameter): Name = "版权归属"; Value = "封装库来自淘宝 ID：黄晶宝石"; VariantName = "[No Variations]"
Added Component: Designator=LED5(LED 0603R)
Add component. Clean all parameters for all variants
Add component (AddParameter): Name = "BOM名称"; Value = "贴片LED"; VariantName = "[No Variations]"
Add component (AddParameter): Name = "学习资源"; Value = "https://shop463601444.taobao.com"; VariantName = "[No Variations]"
Add component (AddParameter): Name = "版权归属"; Value = "封装库来自淘宝 ID：黄晶宝石"; VariantName = "[No Variations]"
Added Component: Designator=R1(R 0402_L)
Add component. Clean all parameters for all variants
Add component (AddParameter): Name = "BOM名称"; Value = "贴片电阻"; VariantName = "[No Variations]"
Add component (AddParameter): Name = "封装库来自淘宝卖家 ID：黄晶宝石"; Value = "其他店铺购入均为盗版，不享受售后技术支持服务，请立即申请退款"; VariantName = "[No Variations]"
Add component (AddParameter): Name = "版权归属"; Value = "来自淘宝 ID：黄晶宝石"; VariantName = "[No Variations]"
Add component (AddParameter): Name = "联系售后"; Value = "https://shop463601444.taobao.com"; VariantName = "[No Variations]"
Added Component: Designator=R2(RCA-8P4R-0603)
Add component. Clean all parameters for all variants
Add component (AddParameter): Name = "BOM名称"; Value = "贴片网络排阻"; VariantName = "[No Variations]"
Add component (AddParameter): Name = "版权归属"; Value = "封装库来自淘宝 ID：黄晶宝石"; VariantName = "[No Variations]"
Add component (AddParameter): Name = "联系售后"; Value = "https://shop463601444.taobao.com"; VariantName = "[No Variations]"
Added Component: Designator=R3(R 0402_L)
Add component. Clean all parameters for all variants
Add component (AddParameter): Name = "BOM名称"; Value = "贴片电阻"; VariantName = "[No Variations]"
Add component (AddParameter): Name = "封装库来自淘宝卖家 ID：黄晶宝石"; Value = "其他店铺购入均为盗版，不享受售后技术支持服务，请立即申请退款"; VariantName = "[No Variations]"
Add component (AddParameter): Name = "版权归属"; Value = "来自淘宝 ID：黄晶宝石"; VariantName = "[No Variations]"
Add component (AddParameter): Name = "联系售后"; Value = "https://shop463601444.taobao.com"; VariantName = "[No Variations]"
Added Component: Designator=R4(RCA-8P4R-0603)
Add component. Clean all parameters for all variants
Add component (AddParameter): Name = "BOM名称"; Value = "贴片网络排阻"; VariantName = "[No Variations]"
Add component (AddParameter): Name = "版权归属"; Value = "封装库来自淘宝 ID：黄晶宝石"; VariantName = "[No Variations]"
Add component (AddParameter): Name = "联系售后"; Value = "https://shop463601444.taobao.com"; VariantName = "[No Variations]"
Added Component: Designator=R5(RCA-8P4R-0603)
Add component. Clean all parameters for all variants
Add component (AddParameter): Name = "BOM名称"; Value = "贴片网络排阻"; VariantName = "[No Variations]"
Add component (AddParameter): Name = "版权归属"; Value = "封装库来自淘宝 ID：黄晶宝石"; VariantName = "[No Variations]"
Add component (AddParameter): Name = "联系售后"; Value = "https://shop463601444.taobao.com"; VariantName = "[No Variations]"
Added Component: Designator=R6(R 0402_L)
Add component. Clean all parameters for all variants
Add component (AddParameter): Name = "BOM名称"; Value = "贴片电阻"; VariantName = "[No Variations]"
Add component (AddParameter): Name = "封装库来自淘宝卖家 ID：黄晶宝石"; Value = "其他店铺购入均为盗版，不享受售后技术支持服务，请立即申请退款"; VariantName = "[No Variations]"
Add component (AddParameter): Name = "版权归属"; Value = "来自淘宝 ID：黄晶宝石"; VariantName = "[No Variations]"
Add component (AddParameter): Name = "联系售后"; Value = "https://shop463601444.taobao.com"; VariantName = "[No Variations]"
Added Component: Designator=R7(RCA-8P4R-0603)
Add component. Clean all parameters for all variants
Add component (AddParameter): Name = "BOM名称"; Value = "贴片网络排阻"; VariantName = "[No Variations]"
Add component (AddParameter): Name = "版权归属"; Value = "封装库来自淘宝 ID：黄晶宝石"; VariantName = "[No Variations]"
Add component (AddParameter): Name = "联系售后"; Value = "https://shop463601444.taobao.com"; VariantName = "[No Variations]"
Added Component: Designator=R8(R 0402_L)
Add component. Clean all parameters for all variants
Add component (AddParameter): Name = "BOM名称"; Value = "贴片电阻"; VariantName = "[No Variations]"
Add component (AddParameter): Name = "封装库来自淘宝卖家 ID：黄晶宝石"; Value = "其他店铺购入均为盗版，不享受售后技术支持服务，请立即申请退款"; VariantName = "[No Variations]"
Add component (AddParameter): Name = "版权归属"; Value = "来自淘宝 ID：黄晶宝石"; VariantName = "[No Variations]"
Add component (AddParameter): Name = "联系售后"; Value = "https://shop463601444.taobao.com"; VariantName = "[No Variations]"
Added Component: Designator=R9(R 0402_L)
Add component. Clean all parameters for all variants
Add component (AddParameter): Name = "BOM名称"; Value = "贴片电阻"; VariantName = "[No Variations]"
Add component (AddParameter): Name = "封装库来自淘宝卖家 ID：黄晶宝石"; Value = "其他店铺购入均为盗版，不享受售后技术支持服务，请立即申请退款"; VariantName = "[No Variations]"
Add component (AddParameter): Name = "版权归属"; Value = "来自淘宝 ID：黄晶宝石"; VariantName = "[No Variations]"
Add component (AddParameter): Name = "联系售后"; Value = "https://shop463601444.taobao.com"; VariantName = "[No Variations]"
Added Component: Designator=R10(R 0402_L)
Add component. Clean all parameters for all variants
Add component (AddParameter): Name = "BOM名称"; Value = "贴片电阻"; VariantName = "[No Variations]"
Add component (AddParameter): Name = "封装库来自淘宝卖家 ID：黄晶宝石"; Value = "其他店铺购入均为盗版，不享受售后技术支持服务，请立即申请退款"; VariantName = "[No Variations]"
Add component (AddParameter): Name = "版权归属"; Value = "来自淘宝 ID：黄晶宝石"; VariantName = "[No Variations]"
Add component (AddParameter): Name = "联系售后"; Value = "https://shop463601444.taobao.com"; VariantName = "[No Variations]"
Added Component: Designator=R11(R 0402_L)
Add component. Clean all parameters for all variants
Add component (AddParameter): Name = "BOM名称"; Value = "贴片电阻"; VariantName = "[No Variations]"
Add component (AddParameter): Name = "封装库来自淘宝卖家 ID：黄晶宝石"; Value = "其他店铺购入均为盗版，不享受售后技术支持服务，请立即申请退款"; VariantName = "[No Variations]"
Add component (AddParameter): Name = "版权归属"; Value = "来自淘宝 ID：黄晶宝石"; VariantName = "[No Variations]"
Add component (AddParameter): Name = "联系售后"; Value = "https://shop463601444.taobao.com"; VariantName = "[No Variations]"
Added Component: Designator=R12(R 0402_L)
Add component. Clean all parameters for all variants
Add component (AddParameter): Name = "BOM名称"; Value = "贴片电阻"; VariantName = "[No Variations]"
Add component (AddParameter): Name = "封装库来自淘宝卖家 ID：黄晶宝石"; Value = "其他店铺购入均为盗版，不享受售后技术支持服务，请立即申请退款"; VariantName = "[No Variations]"
Add component (AddParameter): Name = "版权归属"; Value = "来自淘宝 ID：黄晶宝石"; VariantName = "[No Variations]"
Add component (AddParameter): Name = "联系售后"; Value = "https://shop463601444.taobao.com"; VariantName = "[No Variations]"
Added Component: Designator=R13(R 0402_L)
Add component. Clean all parameters for all variants
Add component (AddParameter): Name = "BOM名称"; Value = "贴片电阻"; VariantName = "[No Variations]"
Add component (AddParameter): Name = "封装库来自淘宝卖家 ID：黄晶宝石"; Value = "其他店铺购入均为盗版，不享受售后技术支持服务，请立即申请退款"; VariantName = "[No Variations]"
Add component (AddParameter): Name = "版权归属"; Value = "来自淘宝 ID：黄晶宝石"; VariantName = "[No Variations]"
Add component (AddParameter): Name = "联系售后"; Value = "https://shop463601444.taobao.com"; VariantName = "[No Variations]"
Added Component: Designator=R14(R 0402_L)
Add component. Clean all parameters for all variants
Add component (AddParameter): Name = "BOM名称"; Value = "贴片电阻"; VariantName = "[No Variations]"
Add component (AddParameter): Name = "封装库来自淘宝卖家 ID：黄晶宝石"; Value = "其他店铺购入均为盗版，不享受售后技术支持服务，请立即申请退款"; VariantName = "[No Variations]"
Add component (AddParameter): Name = "版权归属"; Value = "来自淘宝 ID：黄晶宝石"; VariantName = "[No Variations]"
Add component (AddParameter): Name = "联系售后"; Value = "https://shop463601444.taobao.com"; VariantName = "[No Variations]"
Added Component: Designator=R15(R 0402_L)
Add component. Clean all parameters for all variants
Add component (AddParameter): Name = "BOM名称"; Value = "贴片电阻"; VariantName = "[No Variations]"
Add component (AddParameter): Name = "封装库来自淘宝卖家 ID：黄晶宝石"; Value = "其他店铺购入均为盗版，不享受售后技术支持服务，请立即申请退款"; VariantName = "[No Variations]"
Add component (AddParameter): Name = "版权归属"; Value = "来自淘宝 ID：黄晶宝石"; VariantName = "[No Variations]"
Add component (AddParameter): Name = "联系售后"; Value = "https://shop463601444.taobao.com"; VariantName = "[No Variations]"
Added Component: Designator=R16(R 0402_L)
Add component. Clean all parameters for all variants
Add component (AddParameter): Name = "BOM名称"; Value = "贴片电阻"; VariantName = "[No Variations]"
Add component (AddParameter): Name = "封装库来自淘宝卖家 ID：黄晶宝石"; Value = "其他店铺购入均为盗版，不享受售后技术支持服务，请立即申请退款"; VariantName = "[No Variations]"
Add component (AddParameter): Name = "版权归属"; Value = "来自淘宝 ID：黄晶宝石"; VariantName = "[No Variations]"
Add component (AddParameter): Name = "联系售后"; Value = "https://shop463601444.taobao.com"; VariantName = "[No Variations]"
Added Component: Designator=R17(R 0402_L)
Add component. Clean all parameters for all variants
Add component (AddParameter): Name = "BOM名称"; Value = "贴片电阻"; VariantName = "[No Variations]"
Add component (AddParameter): Name = "封装库来自淘宝卖家 ID：黄晶宝石"; Value = "其他店铺购入均为盗版，不享受售后技术支持服务，请立即申请退款"; VariantName = "[No Variations]"
Add component (AddParameter): Name = "版权归属"; Value = "来自淘宝 ID：黄晶宝石"; VariantName = "[No Variations]"
Add component (AddParameter): Name = "联系售后"; Value = "https://shop463601444.taobao.com"; VariantName = "[No Variations]"
Added Component: Designator=R18(R 0402_L)
Add component. Clean all parameters for all variants
Add component (AddParameter): Name = "BOM名称"; Value = "贴片电阻"; VariantName = "[No Variations]"
Add component (AddParameter): Name = "封装库来自淘宝卖家 ID：黄晶宝石"; Value = "其他店铺购入均为盗版，不享受售后技术支持服务，请立即申请退款"; VariantName = "[No Variations]"
Add component (AddParameter): Name = "版权归属"; Value = "来自淘宝 ID：黄晶宝石"; VariantName = "[No Variations]"
Add component (AddParameter): Name = "联系售后"; Value = "https://shop463601444.taobao.com"; VariantName = "[No Variations]"
Added Component: Designator=R19(RCA-8P4R-0603)
Add component. Clean all parameters for all variants
Add component (AddParameter): Name = "BOM名称"; Value = "贴片网络排阻"; VariantName = "[No Variations]"
Add component (AddParameter): Name = "版权归属"; Value = "封装库来自淘宝 ID：黄晶宝石"; VariantName = "[No Variations]"
Add component (AddParameter): Name = "联系售后"; Value = "https://shop463601444.taobao.com"; VariantName = "[No Variations]"
Added Component: Designator=R20(RCA-8P4R-0603)
Add component. Clean all parameters for all variants
Add component (AddParameter): Name = "BOM名称"; Value = "贴片网络排阻"; VariantName = "[No Variations]"
Add component (AddParameter): Name = "版权归属"; Value = "封装库来自淘宝 ID：黄晶宝石"; VariantName = "[No Variations]"
Add component (AddParameter): Name = "联系售后"; Value = "https://shop463601444.taobao.com"; VariantName = "[No Variations]"
Added Component: Designator=R21(R 0402_L)
Add component. Clean all parameters for all variants
Add component (AddParameter): Name = "BOM名称"; Value = "贴片电阻"; VariantName = "[No Variations]"
Add component (AddParameter): Name = "封装库来自淘宝卖家 ID：黄晶宝石"; Value = "其他店铺购入均为盗版，不享受售后技术支持服务，请立即申请退款"; VariantName = "[No Variations]"
Add component (AddParameter): Name = "版权归属"; Value = "来自淘宝 ID：黄晶宝石"; VariantName = "[No Variations]"
Add component (AddParameter): Name = "联系售后"; Value = "https://shop463601444.taobao.com"; VariantName = "[No Variations]"
Added Component: Designator=R22(R 0402_L)
Add component. Clean all parameters for all variants
Add component (AddParameter): Name = "BOM名称"; Value = "贴片电阻"; VariantName = "[No Variations]"
Add component (AddParameter): Name = "封装库来自淘宝卖家 ID：黄晶宝石"; Value = "其他店铺购入均为盗版，不享受售后技术支持服务，请立即申请退款"; VariantName = "[No Variations]"
Add component (AddParameter): Name = "版权归属"; Value = "来自淘宝 ID：黄晶宝石"; VariantName = "[No Variations]"
Add component (AddParameter): Name = "联系售后"; Value = "https://shop463601444.taobao.com"; VariantName = "[No Variations]"
Added Component: Designator=R23(R 0402_L)
Add component. Clean all parameters for all variants
Add component (AddParameter): Name = "BOM名称"; Value = "贴片电阻"; VariantName = "[No Variations]"
Add component (AddParameter): Name = "封装库来自淘宝卖家 ID：黄晶宝石"; Value = "其他店铺购入均为盗版，不享受售后技术支持服务，请立即申请退款"; VariantName = "[No Variations]"
Add component (AddParameter): Name = "版权归属"; Value = "来自淘宝 ID：黄晶宝石"; VariantName = "[No Variations]"
Add component (AddParameter): Name = "联系售后"; Value = "https://shop463601444.taobao.com"; VariantName = "[No Variations]"
Added Component: Designator=R24(R 0402_L)
Add component. Clean all parameters for all variants
Add component (AddParameter): Name = "BOM名称"; Value = "贴片电阻"; VariantName = "[No Variations]"
Add component (AddParameter): Name = "封装库来自淘宝卖家 ID：黄晶宝石"; Value = "其他店铺购入均为盗版，不享受售后技术支持服务，请立即申请退款"; VariantName = "[No Variations]"
Add component (AddParameter): Name = "版权归属"; Value = "来自淘宝 ID：黄晶宝石"; VariantName = "[No Variations]"
Add component (AddParameter): Name = "联系售后"; Value = "https://shop463601444.taobao.com"; VariantName = "[No Variations]"
Added Component: Designator=R25(RCA-8P4R-0603)
Add component. Clean all parameters for all variants
Add component (AddParameter): Name = "BOM名称"; Value = "贴片网络排阻"; VariantName = "[No Variations]"
Add component (AddParameter): Name = "版权归属"; Value = "封装库来自淘宝 ID：黄晶宝石"; VariantName = "[No Variations]"
Add component (AddParameter): Name = "联系售后"; Value = "https://shop463601444.taobao.com"; VariantName = "[No Variations]"
Added Component: Designator=R26(RCA-8P4R-0603)
Add component. Clean all parameters for all variants
Add component (AddParameter): Name = "BOM名称"; Value = "贴片网络排阻"; VariantName = "[No Variations]"
Add component (AddParameter): Name = "版权归属"; Value = "封装库来自淘宝 ID：黄晶宝石"; VariantName = "[No Variations]"
Add component (AddParameter): Name = "联系售后"; Value = "https://shop463601444.taobao.com"; VariantName = "[No Variations]"
Added Component: Designator=R27(RCA-8P4R-0603)
Add component. Clean all parameters for all variants
Add component (AddParameter): Name = "BOM名称"; Value = "贴片网络排阻"; VariantName = "[No Variations]"
Add component (AddParameter): Name = "版权归属"; Value = "封装库来自淘宝 ID：黄晶宝石"; VariantName = "[No Variations]"
Add component (AddParameter): Name = "联系售后"; Value = "https://shop463601444.taobao.com"; VariantName = "[No Variations]"
Added Component: Designator=SW1(TSW SMD-3*6*2.5)
Add component. Clean all parameters for all variants
Add component (AddParameter): Name = "BOM名称"; Value = "3x6轻触开关"; VariantName = "[No Variations]"
Add component (AddParameter): Name = "学习资源"; Value = "www.ooocke.com"; VariantName = "[No Variations]"
Add component (AddParameter): Name = "版权归属"; Value = "源创客"; VariantName = "[No Variations]"
Added Component: Designator=U1(LQFP48 7X7_L)
Add component. Clean all parameters for all variants
Add component (AddParameter): Name = "BOM名称"; Value = "32位STM单片机"; VariantName = "[No Variations]"
Add component (AddParameter): Name = "学习资源"; Value = "www.ooocke.com"; VariantName = "[No Variations]"
Add component (AddParameter): Name = "版权归属"; Value = "源创客"; VariantName = "[No Variations]"
Added Component: Designator=U2(TSSOP16_N)
Add component. Clean all parameters for all variants
Added Component: Designator=U3(TSSOP16_N)
Add component. Clean all parameters for all variants
Added Component: Designator=U4(TSSOP14_L)
Add component. Clean all parameters for all variants
Added Component: Designator=U5(TSSOP16_N)
Add component. Clean all parameters for all variants
Added Component: Designator=U6(TSSOP16_N)
Add component. Clean all parameters for all variants
Added Component: Designator=V1(SOT223_L)
Add component. Clean all parameters for all variants
Add component (AddParameter): Name = "BOM名称"; Value = "稳压芯片"; VariantName = "[No Variations]"
Add component (AddParameter): Name = "欢迎光临淘宝店铺"; Value = "https://shop463601444.taobao.com"; VariantName = "[No Variations]"
Add component (AddParameter): Name = "淘宝ID"; Value = "封装库来自淘宝 ID：黄晶宝石"; VariantName = "[No Variations]"
Added Component: Designator=X1(OSC 5032-2P)
Add component. Clean all parameters for all variants
Add component (AddParameter): Name = "BOM名称"; Value = "2脚无源脚晶振"; VariantName = "[No Variations]"
Add component (AddParameter): Name = "学习资源"; Value = "www.ooocke.com"; VariantName = "[No Variations]"
Add component (AddParameter): Name = "版权归属"; Value = "源创客"; VariantName = "[No Variations]"
Add component (AddParameter): Name = "负载电容"; Value = "CL20pF"; VariantName = "[No Variations]"
Added Pin To Net: NetName=3.3V Pin=C3-1
Added Pin To Net: NetName=3.3V Pin=C6-2
Added Pin To Net: NetName=3.3V Pin=C7-2
Added Pin To Net: NetName=3.3V Pin=C8-2
Added Pin To Net: NetName=3.3V Pin=C9-2
Added Pin To Net: NetName=3.3V Pin=C13-2
Added Pin To Net: NetName=3.3V Pin=E2-1
Added Pin To Net: NetName=3.3V Pin=E3-1
Added Pin To Net: NetName=3.3V Pin=JP1-4
Added Pin To Net: NetName=3.3V Pin=R2-5
Added Pin To Net: NetName=3.3V Pin=R2-6
Added Pin To Net: NetName=3.3V Pin=R2-7
Added Pin To Net: NetName=3.3V Pin=R2-8
Added Pin To Net: NetName=3.3V Pin=R3-2
Added Pin To Net: NetName=3.3V Pin=R4-5
Added Pin To Net: NetName=3.3V Pin=R4-6
Added Pin To Net: NetName=3.3V Pin=R4-7
Added Pin To Net: NetName=3.3V Pin=R4-8
Added Pin To Net: NetName=3.3V Pin=R5-5
Added Pin To Net: NetName=3.3V Pin=R5-6
Added Pin To Net: NetName=3.3V Pin=R5-7
Added Pin To Net: NetName=3.3V Pin=R5-8
Added Pin To Net: NetName=3.3V Pin=R7-5
Added Pin To Net: NetName=3.3V Pin=R7-6
Added Pin To Net: NetName=3.3V Pin=R7-7
Added Pin To Net: NetName=3.3V Pin=R7-8
Added Pin To Net: NetName=3.3V Pin=R11-2
Added Pin To Net: NetName=3.3V Pin=R12-2
Added Pin To Net: NetName=3.3V Pin=U1-1
Added Pin To Net: NetName=3.3V Pin=U1-9
Added Pin To Net: NetName=3.3V Pin=U1-24
Added Pin To Net: NetName=3.3V Pin=U1-36
Added Pin To Net: NetName=3.3V Pin=U1-48
Added Pin To Net: NetName=3.3V Pin=U4-4
Added Pin To Net: NetName=3.3V Pin=V1-2
Added Net: Name=3.3V
Added Pin To Net: NetName=5V Pin=C5-2
Added Pin To Net: NetName=5V Pin=C10-2
Added Pin To Net: NetName=5V Pin=C11-2
Added Pin To Net: NetName=5V Pin=C12-2
Added Pin To Net: NetName=5V Pin=CON1-1
Added Pin To Net: NetName=5V Pin=D1-2
Added Pin To Net: NetName=5V Pin=E1-1
Added Pin To Net: NetName=5V Pin=IC1-20
Added Pin To Net: NetName=5V Pin=IC2-24
Added Pin To Net: NetName=5V Pin=IC3-20
Added Pin To Net: NetName=5V Pin=IC4-3
Added Pin To Net: NetName=5V Pin=LED1-1
Added Pin To Net: NetName=5V Pin=LED4-1
Added Pin To Net: NetName=5V Pin=R14-1
Added Pin To Net: NetName=5V Pin=U2-16
Added Pin To Net: NetName=5V Pin=U3-16
Added Pin To Net: NetName=5V Pin=U5-16
Added Pin To Net: NetName=5V Pin=U6-16
Added Pin To Net: NetName=5V Pin=V1-3
Added Net: Name=5V
Added Pin To Net: NetName=BOOT0 Pin=R8-1
Added Pin To Net: NetName=BOOT0 Pin=U1-44
Added Net: Name=BOOT0
Added Pin To Net: NetName=BOOT1 Pin=R6-1
Added Pin To Net: NetName=BOOT1 Pin=U1-20
Added Net: Name=BOOT1
Added Pin To Net: NetName=CV0 Pin=IC1-18
Added Pin To Net: NetName=CV0 Pin=JP3-1
Added Pin To Net: NetName=CV0 Pin=JP3-1
Added Pin To Net: NetName=CV0 Pin=R2-4
Added Net: Name=CV0
Added Pin To Net: NetName=CV1 Pin=IC1-16
Added Pin To Net: NetName=CV1 Pin=JP3-2
Added Pin To Net: NetName=CV1 Pin=R2-3
Added Net: Name=CV1
Added Pin To Net: NetName=CV2 Pin=IC1-14
Added Pin To Net: NetName=CV2 Pin=JP3-3
Added Pin To Net: NetName=CV2 Pin=R2-2
Added Net: Name=CV2
Added Pin To Net: NetName=CV3 Pin=IC1-12
Added Pin To Net: NetName=CV3 Pin=JP3-4
Added Pin To Net: NetName=CV3 Pin=R2-1
Added Net: Name=CV3
Added Pin To Net: NetName=CV4 Pin=IC1-3
Added Pin To Net: NetName=CV4 Pin=JP3-5
Added Pin To Net: NetName=CV4 Pin=R4-4
Added Net: Name=CV4
Added Pin To Net: NetName=CV5 Pin=IC1-5
Added Pin To Net: NetName=CV5 Pin=JP3-6
Added Pin To Net: NetName=CV5 Pin=R4-3
Added Net: Name=CV5
Added Pin To Net: NetName=CV6 Pin=IC1-7
Added Pin To Net: NetName=CV6 Pin=JP3-7
Added Pin To Net: NetName=CV6 Pin=R4-2
Added Net: Name=CV6
Added Pin To Net: NetName=CV7 Pin=IC1-9
Added Pin To Net: NetName=CV7 Pin=JP3-8
Added Pin To Net: NetName=CV7 Pin=R4-1
Added Net: Name=CV7
Added Pin To Net: NetName=CV8 Pin=IC3-18
Added Pin To Net: NetName=CV8 Pin=JP3-9
Added Pin To Net: NetName=CV8 Pin=R5-4
Added Net: Name=CV8
Added Pin To Net: NetName=CV9 Pin=IC3-16
Added Pin To Net: NetName=CV9 Pin=JP3-10
Added Pin To Net: NetName=CV9 Pin=R5-3
Added Net: Name=CV9
Added Pin To Net: NetName=CV10 Pin=IC3-14
Added Pin To Net: NetName=CV10 Pin=JP3-11
Added Pin To Net: NetName=CV10 Pin=R5-2
Added Net: Name=CV10
Added Pin To Net: NetName=CV11 Pin=IC3-12
Added Pin To Net: NetName=CV11 Pin=JP3-12
Added Pin To Net: NetName=CV11 Pin=R5-1
Added Net: Name=CV11
Added Pin To Net: NetName=CV12 Pin=IC3-3
Added Pin To Net: NetName=CV12 Pin=JP3-13
Added Pin To Net: NetName=CV12 Pin=R7-4
Added Net: Name=CV12
Added Pin To Net: NetName=CV13 Pin=IC3-5
Added Pin To Net: NetName=CV13 Pin=JP3-14
Added Pin To Net: NetName=CV13 Pin=R7-3
Added Net: Name=CV13
Added Pin To Net: NetName=CV14 Pin=IC3-7
Added Pin To Net: NetName=CV14 Pin=JP3-15
Added Pin To Net: NetName=CV14 Pin=JP3-15
Added Pin To Net: NetName=CV14 Pin=JP3-15
Added Pin To Net: NetName=CV14 Pin=R7-2
Added Net: Name=CV14
Added Pin To Net: NetName=GND Pin=C1-1
Added Pin To Net: NetName=GND Pin=C2-1
Added Pin To Net: NetName=GND Pin=C3-2
Added Pin To Net: NetName=GND Pin=C4-1
Added Pin To Net: NetName=GND Pin=C5-1
Added Pin To Net: NetName=GND Pin=C6-1
Added Pin To Net: NetName=GND Pin=C7-1
Added Pin To Net: NetName=GND Pin=C8-1
Added Pin To Net: NetName=GND Pin=C9-1
Added Pin To Net: NetName=GND Pin=C10-1
Added Pin To Net: NetName=GND Pin=C11-1
Added Pin To Net: NetName=GND Pin=C12-1
Added Pin To Net: NetName=GND Pin=C13-1
Added Pin To Net: NetName=GND Pin=C14-1
Added Pin To Net: NetName=GND Pin=C15-2
Added Pin To Net: NetName=GND Pin=C16-2
Added Pin To Net: NetName=GND Pin=C17-2
Added Pin To Net: NetName=GND Pin=CON1-2
Added Pin To Net: NetName=GND Pin=CON1-3
Added Pin To Net: NetName=GND Pin=D1-1
Added Pin To Net: NetName=GND Pin=D2-1
Added Pin To Net: NetName=GND Pin=D3-1
Added Pin To Net: NetName=GND Pin=D4-1
Added Pin To Net: NetName=GND Pin=D5-1
Added Pin To Net: NetName=GND Pin=E1-2
Added Pin To Net: NetName=GND Pin=E2-2
Added Pin To Net: NetName=GND Pin=E3-2
Added Pin To Net: NetName=GND Pin=IC1-1
Added Pin To Net: NetName=GND Pin=IC1-10
Added Pin To Net: NetName=GND Pin=IC1-19
Added Pin To Net: NetName=GND Pin=IC2-12
Added Pin To Net: NetName=GND Pin=IC2-18
Added Pin To Net: NetName=GND Pin=IC2-19
Added Pin To Net: NetName=GND Pin=IC3-1
Added Pin To Net: NetName=GND Pin=IC3-10
Added Pin To Net: NetName=GND Pin=IC3-19
Added Pin To Net: NetName=GND Pin=IC4-2
Added Pin To Net: NetName=GND Pin=IC4-8
Added Pin To Net: NetName=GND Pin=JP1-1
Added Pin To Net: NetName=GND Pin=JP1-1
Added Pin To Net: NetName=GND Pin=LED5-2
Added Pin To Net: NetName=GND Pin=R6-2
Added Pin To Net: NetName=GND Pin=R8-2
Added Pin To Net: NetName=GND Pin=R17-2
Added Pin To Net: NetName=GND Pin=R18-1
Added Pin To Net: NetName=GND Pin=R19-5
Added Pin To Net: NetName=GND Pin=R19-6
Added Pin To Net: NetName=GND Pin=R19-7
Added Pin To Net: NetName=GND Pin=R19-8
Added Pin To Net: NetName=GND Pin=R20-5
Added Pin To Net: NetName=GND Pin=R20-6
Added Pin To Net: NetName=GND Pin=R20-7
Added Pin To Net: NetName=GND Pin=R20-8
Added Pin To Net: NetName=GND Pin=R21-1
Added Pin To Net: NetName=GND Pin=R22-2
Added Pin To Net: NetName=GND Pin=R25-5
Added Pin To Net: NetName=GND Pin=R25-6
Added Pin To Net: NetName=GND Pin=R25-7
Added Pin To Net: NetName=GND Pin=R25-8
Added Pin To Net: NetName=GND Pin=R26-5
Added Pin To Net: NetName=GND Pin=R26-6
Added Pin To Net: NetName=GND Pin=R26-7
Added Pin To Net: NetName=GND Pin=R26-8
Added Pin To Net: NetName=GND Pin=R27-5
Added Pin To Net: NetName=GND Pin=R27-6
Added Pin To Net: NetName=GND Pin=R27-7
Added Pin To Net: NetName=GND Pin=R27-8
Added Pin To Net: NetName=GND Pin=SW1-2
Added Pin To Net: NetName=GND Pin=U1-8
Added Pin To Net: NetName=GND Pin=U1-23
Added Pin To Net: NetName=GND Pin=U1-35
Added Pin To Net: NetName=GND Pin=U1-47
Added Pin To Net: NetName=GND Pin=U2-6
Added Pin To Net: NetName=GND Pin=U2-7
Added Pin To Net: NetName=GND Pin=U2-8
Added Pin To Net: NetName=GND Pin=U3-6
Added Pin To Net: NetName=GND Pin=U3-7
Added Pin To Net: NetName=GND Pin=U3-8
Added Pin To Net: NetName=GND Pin=U4-11
Added Pin To Net: NetName=GND Pin=U5-6
Added Pin To Net: NetName=GND Pin=U5-7
Added Pin To Net: NetName=GND Pin=U5-8
Added Pin To Net: NetName=GND Pin=U6-6
Added Pin To Net: NetName=GND Pin=U6-7
Added Pin To Net: NetName=GND Pin=U6-8
Added Pin To Net: NetName=GND Pin=V1-1
Added Net: Name=GND
Added Pin To Net: NetName=IN1 Pin=JP3-16
Added Pin To Net: NetName=IN1 Pin=JP3-16
Added Pin To Net: NetName=IN1 Pin=R27-1
Added Pin To Net: NetName=IN1 Pin=U2-1
Added Net: Name=IN1
Added Pin To Net: NetName=IN2 Pin=JP3-17
Added Pin To Net: NetName=IN2 Pin=R27-2
Added Pin To Net: NetName=IN2 Pin=U2-15
Added Net: Name=IN2
Added Pin To Net: NetName=IN3 Pin=JP3-18
Added Pin To Net: NetName=IN3 Pin=R27-3
Added Pin To Net: NetName=IN3 Pin=U2-14
Added Net: Name=IN3
Added Pin To Net: NetName=IN4 Pin=JP3-19
Added Pin To Net: NetName=IN4 Pin=R27-4
Added Pin To Net: NetName=IN4 Pin=U2-13
Added Net: Name=IN4
Added Pin To Net: NetName=IN5 Pin=JP3-20
Added Pin To Net: NetName=IN5 Pin=R26-1
Added Pin To Net: NetName=IN5 Pin=U2-12
Added Net: Name=IN5
Added Pin To Net: NetName=IN6 Pin=JP3-21
Added Pin To Net: NetName=IN6 Pin=R26-2
Added Pin To Net: NetName=IN6 Pin=U3-1
Added Net: Name=IN6
Added Pin To Net: NetName=IN7 Pin=JP3-22
Added Pin To Net: NetName=IN7 Pin=R26-3
Added Pin To Net: NetName=IN7 Pin=U3-15
Added Net: Name=IN7
Added Pin To Net: NetName=IN8 Pin=JP3-23
Added Pin To Net: NetName=IN8 Pin=R26-4
Added Pin To Net: NetName=IN8 Pin=U3-14
Added Net: Name=IN8
Added Pin To Net: NetName=IN9 Pin=JP3-24
Added Pin To Net: NetName=IN9 Pin=R25-1
Added Pin To Net: NetName=IN9 Pin=U3-13
Added Net: Name=IN9
Added Pin To Net: NetName=IN10 Pin=JP3-25
Added Pin To Net: NetName=IN10 Pin=R25-2
Added Pin To Net: NetName=IN10 Pin=U3-12
Added Net: Name=IN10
Added Pin To Net: NetName=IN11 Pin=JP3-26
Added Pin To Net: NetName=IN11 Pin=R25-3
Added Pin To Net: NetName=IN11 Pin=U5-1
Added Net: Name=IN11
Added Pin To Net: NetName=IN12 Pin=JP3-27
Added Pin To Net: NetName=IN12 Pin=R25-4
Added Pin To Net: NetName=IN12 Pin=U5-15
Added Net: Name=IN12
Added Pin To Net: NetName=IN13 Pin=JP3-28
Added Pin To Net: NetName=IN13 Pin=R20-1
Added Pin To Net: NetName=IN13 Pin=U5-14
Added Net: Name=IN13
Added Pin To Net: NetName=IN14 Pin=JP3-29
Added Pin To Net: NetName=IN14 Pin=R20-2
Added Pin To Net: NetName=IN14 Pin=U5-13
Added Net: Name=IN14
Added Pin To Net: NetName=IN15 Pin=JP3-30
Added Pin To Net: NetName=IN15 Pin=R20-3
Added Pin To Net: NetName=IN15 Pin=U5-12
Added Net: Name=IN15
Added Pin To Net: NetName=IN16 Pin=JP3-31
Added Pin To Net: NetName=IN16 Pin=R20-4
Added Pin To Net: NetName=IN16 Pin=U6-1
Added Net: Name=IN16
Added Pin To Net: NetName=IN17 Pin=JP3-32
Added Pin To Net: NetName=IN17 Pin=R19-1
Added Pin To Net: NetName=IN17 Pin=U6-15
Added Net: Name=IN17
Added Pin To Net: NetName=IN18 Pin=JP3-33
Added Pin To Net: NetName=IN18 Pin=R19-2
Added Pin To Net: NetName=IN18 Pin=U6-14
Added Net: Name=IN18
Added Pin To Net: NetName=IN19 Pin=JP3-34
Added Pin To Net: NetName=IN19 Pin=R19-3
Added Pin To Net: NetName=IN19 Pin=U6-13
Added Net: Name=IN19
Added Pin To Net: NetName=IN20 Pin=JP3-35
Added Pin To Net: NetName=IN20 Pin=R19-4
Added Pin To Net: NetName=IN20 Pin=U6-12
Added Net: Name=IN20
Added Pin To Net: NetName=NetIC4_6 Pin=IC4-6
Added Pin To Net: NetName=NetIC4_6 Pin=JP2-2
Added Pin To Net: NetName=NetIC4_6 Pin=R10-2
Added Net: Name=NetIC4_6
Added Pin To Net: NetName=NetIC4_7 Pin=IC4-7
Added Pin To Net: NetName=NetIC4_7 Pin=JP2-1
Added Pin To Net: NetName=NetIC4_7 Pin=R10-1
Added Net: Name=NetIC4_7
Added Pin To Net: NetName=NetLED1_2 Pin=LED1-2
Added Pin To Net: NetName=NetLED1_2 Pin=R9-2
Added Net: Name=NetLED1_2
Added Pin To Net: NetName=NetLED2_1 Pin=LED2-1
Added Pin To Net: NetName=NetLED2_1 Pin=R11-1
Added Net: Name=NetLED2_1
Added Pin To Net: NetName=NetLED3_1 Pin=LED3-1
Added Pin To Net: NetName=NetLED3_1 Pin=R12-1
Added Net: Name=NetLED3_1
Added Pin To Net: NetName=NetLED4_2 Pin=LED4-2
Added Pin To Net: NetName=NetLED4_2 Pin=R13-2
Added Net: Name=NetLED4_2
Added Pin To Net: NetName=NetLED5_1 Pin=LED5-1
Added Pin To Net: NetName=NetLED5_1 Pin=R14-2
Added Net: Name=NetLED5_1
Added Pin To Net: NetName=NetR15_1 Pin=R15-1
Added Pin To Net: NetName=NetR15_1 Pin=R17-1
Added Pin To Net: NetName=NetR15_1 Pin=U4-2
Added Net: Name=NetR15_1
Added Pin To Net: NetName=NetR16_2 Pin=R16-2
Added Pin To Net: NetName=NetR16_2 Pin=R18-2
Added Pin To Net: NetName=NetR16_2 Pin=U4-13
Added Net: Name=NetR16_2
Added Pin To Net: NetName=NetR21_2 Pin=R21-2
Added Pin To Net: NetName=NetR21_2 Pin=R24-1
Added Pin To Net: NetName=NetR21_2 Pin=U4-6
Added Net: Name=NetR21_2
Added Pin To Net: NetName=NetR22_1 Pin=R22-1
Added Pin To Net: NetName=NetR22_1 Pin=R23-2
Added Pin To Net: NetName=NetR22_1 Pin=U4-9
Added Net: Name=NetR22_1
Added Pin To Net: NetName=NRST Pin=C4-2
Added Pin To Net: NetName=NRST Pin=R3-1
Added Pin To Net: NetName=NRST Pin=SW1-1
Added Pin To Net: NetName=NRST Pin=U1-7
Added Net: Name=NRST
Added Pin To Net: NetName=OPA1 Pin=U2-3
Added Pin To Net: NetName=OPA1 Pin=U4-5
Added Net: Name=OPA1
Added Pin To Net: NetName=OPA2 Pin=U3-3
Added Pin To Net: NetName=OPA2 Pin=U4-3
Added Net: Name=OPA2
Added Pin To Net: NetName=OPA3 Pin=U4-12
Added Pin To Net: NetName=OPA3 Pin=U5-3
Added Net: Name=OPA3
Added Pin To Net: NetName=OPA4 Pin=U4-10
Added Pin To Net: NetName=OPA4 Pin=U6-3
Added Net: Name=OPA4
Added Pin To Net: NetName=PA0/ADC0 Pin=C15-1
Added Pin To Net: NetName=PA0/ADC0 Pin=D3-2
Added Pin To Net: NetName=PA0/ADC0 Pin=R16-1
Added Pin To Net: NetName=PA0/ADC0 Pin=U1-10
Added Pin To Net: NetName=PA0/ADC0 Pin=U4-14
Added Net: Name=PA0/ADC0
Added Pin To Net: NetName=PA1/ADC1 Pin=C17-1
Added Pin To Net: NetName=PA1/ADC1 Pin=D5-2
Added Pin To Net: NetName=PA1/ADC1 Pin=R23-1
Added Pin To Net: NetName=PA1/ADC1 Pin=U1-11
Added Pin To Net: NetName=PA1/ADC1 Pin=U4-8
Added Net: Name=PA1/ADC1
Added Pin To Net: NetName=PA2/ADC2 Pin=C16-1
Added Pin To Net: NetName=PA2/ADC2 Pin=D4-2
Added Pin To Net: NetName=PA2/ADC2 Pin=R24-2
Added Pin To Net: NetName=PA2/ADC2 Pin=U1-12
Added Pin To Net: NetName=PA2/ADC2 Pin=U4-7
Added Net: Name=PA2/ADC2
Added Pin To Net: NetName=PA3/ADC3 Pin=C14-2
Added Pin To Net: NetName=PA3/ADC3 Pin=D2-2
Added Pin To Net: NetName=PA3/ADC3 Pin=R15-2
Added Pin To Net: NetName=PA3/ADC3 Pin=U1-13
Added Pin To Net: NetName=PA3/ADC3 Pin=U4-1
Added Net: Name=PA3/ADC3
Added Pin To Net: NetName=PA5/S1 Pin=U1-15
Added Pin To Net: NetName=PA5/S1 Pin=U2-11
Added Pin To Net: NetName=PA5/S1 Pin=U3-11
Added Pin To Net: NetName=PA5/S1 Pin=U5-11
Added Pin To Net: NetName=PA5/S1 Pin=U6-11
Added Net: Name=PA5/S1
Added Pin To Net: NetName=PA6/S2 Pin=U1-16
Added Pin To Net: NetName=PA6/S2 Pin=U2-10
Added Pin To Net: NetName=PA6/S2 Pin=U3-10
Added Pin To Net: NetName=PA6/S2 Pin=U5-10
Added Pin To Net: NetName=PA6/S2 Pin=U6-10
Added Net: Name=PA6/S2
Added Pin To Net: NetName=PA7/S3 Pin=U1-17
Added Pin To Net: NetName=PA7/S3 Pin=U2-9
Added Pin To Net: NetName=PA7/S3 Pin=U3-9
Added Pin To Net: NetName=PA7/S3 Pin=U5-9
Added Pin To Net: NetName=PA7/S3 Pin=U6-9
Added Net: Name=PA7/S3
Added Pin To Net: NetName=PA8/Run Pin=LED2-2
Added Pin To Net: NetName=PA8/Run Pin=U1-29
Added Net: Name=PA8/Run
Added Pin To Net: NetName=PA11/CAN_RX Pin=IC4-4
Added Pin To Net: NetName=PA11/CAN_RX Pin=R13-1
Added Pin To Net: NetName=PA11/CAN_RX Pin=U1-32
Added Net: Name=PA11/CAN_RX
Added Pin To Net: NetName=PA12/CAN_TX Pin=IC4-1
Added Pin To Net: NetName=PA12/CAN_TX Pin=R9-1
Added Pin To Net: NetName=PA12/CAN_TX Pin=U1-33
Added Net: Name=PA12/CAN_TX
Added Pin To Net: NetName=PB3/D Pin=IC2-20
Added Pin To Net: NetName=PB3/D Pin=U1-39
Added Net: Name=PB3/D
Added Pin To Net: NetName=PB4/C Pin=IC2-21
Added Pin To Net: NetName=PB4/C Pin=U1-40
Added Net: Name=PB4/C
Added Pin To Net: NetName=PB5/B Pin=IC2-22
Added Pin To Net: NetName=PB5/B Pin=U1-41
Added Net: Name=PB5/B
Added Pin To Net: NetName=PB6/A Pin=IC2-23
Added Pin To Net: NetName=PB6/A Pin=U1-42
Added Net: Name=PB6/A
Added Pin To Net: NetName=PB15/Battery Pin=LED3-2
Added Pin To Net: NetName=PB15/Battery Pin=U1-28
Added Net: Name=PB15/Battery
Added Pin To Net: NetName=SWCLK Pin=JP1-2
Added Pin To Net: NetName=SWCLK Pin=U1-37
Added Net: Name=SWCLK
Added Pin To Net: NetName=SWDIO Pin=JP1-3
Added Pin To Net: NetName=SWDIO Pin=U1-34
Added Net: Name=SWDIO
Added Pin To Net: NetName=VC0 Pin=IC1-2
Added Pin To Net: NetName=VC0 Pin=IC2-16
Added Net: Name=VC0
Added Pin To Net: NetName=VC1 Pin=IC1-4
Added Pin To Net: NetName=VC1 Pin=IC2-15
Added Net: Name=VC1
Added Pin To Net: NetName=VC2 Pin=IC1-6
Added Pin To Net: NetName=VC2 Pin=IC2-14
Added Net: Name=VC2
Added Pin To Net: NetName=VC3 Pin=IC1-8
Added Pin To Net: NetName=VC3 Pin=IC2-13
Added Net: Name=VC3
Added Pin To Net: NetName=VC4 Pin=IC1-17
Added Pin To Net: NetName=VC4 Pin=IC2-11
Added Net: Name=VC4
Added Pin To Net: NetName=VC5 Pin=IC1-15
Added Pin To Net: NetName=VC5 Pin=IC2-10
Added Net: Name=VC5
Added Pin To Net: NetName=VC6 Pin=IC1-13
Added Pin To Net: NetName=VC6 Pin=IC2-9
Added Net: Name=VC6
Added Pin To Net: NetName=VC7 Pin=IC1-11
Added Pin To Net: NetName=VC7 Pin=IC2-8
Added Net: Name=VC7
Added Pin To Net: NetName=VC8 Pin=IC2-7
Added Pin To Net: NetName=VC8 Pin=IC3-2
Added Net: Name=VC8
Added Pin To Net: NetName=VC9 Pin=IC2-6
Added Pin To Net: NetName=VC9 Pin=IC3-4
Added Net: Name=VC9
Added Pin To Net: NetName=VC10 Pin=IC2-5
Added Pin To Net: NetName=VC10 Pin=IC3-6
Added Net: Name=VC10
Added Pin To Net: NetName=VC11 Pin=IC2-4
Added Pin To Net: NetName=VC11 Pin=IC3-8
Added Net: Name=VC11
Added Pin To Net: NetName=VC12 Pin=IC2-3
Added Pin To Net: NetName=VC12 Pin=IC3-17
Added Net: Name=VC12
Added Pin To Net: NetName=VC13 Pin=IC2-2
Added Pin To Net: NetName=VC13 Pin=IC3-15
Added Net: Name=VC13
Added Pin To Net: NetName=VC14 Pin=IC2-1
Added Pin To Net: NetName=VC14 Pin=IC3-13
Added Net: Name=VC14
Added Pin To Net: NetName=XTALA Pin=C1-2
Added Pin To Net: NetName=XTALA Pin=R1-1
Added Pin To Net: NetName=XTALA Pin=U1-5
Added Pin To Net: NetName=XTALA Pin=X1-1
Added Net: Name=XTALA
Added Pin To Net: NetName=XTALB Pin=C2-2
Added Pin To Net: NetName=XTALB Pin=R1-2
Added Pin To Net: NetName=XTALB Pin=U1-6
Added Pin To Net: NetName=XTALB Pin=X1-2
Added Net: Name=XTALB
Added Class: Name=从机
Added Room: Name=从机
