Removed Pin From Net: NetName=CV9 Pin=U8-8
Removed Pin From Net: NetName=VC9 Pin=U8-9
Removed Pin From Net: NetName=CV10 Pin=U8-10
Removed Pin From Net: NetName=VC10 Pin=U8-11
Removed Pin From Net: NetName=CV11 Pin=U8-12
Removed Pin From Net: NetName=VC11 Pin=U8-13
Removed Pin From Net: NetName=VC12 Pin=U9-1
Removed Pin From Net: NetName=CV12 Pin=U9-2
Removed Pin From Net: NetName=VC13 Pin=U9-3
Removed Pin From Net: NetName=CV13 Pin=U9-4
Removed Pin From Net: NetName=VC14 Pin=U9-5
Removed Pin From Net: NetName=CV14 Pin=U9-6
Added Pin To Net: NetName=VC9 Pin=U9-1
Added Pin To Net: NetName=CV9 Pin=U9-2
Added Pin To Net: NetName=VC10 Pin=U9-3
Added Pin To Net: NetName=CV10 Pin=U9-4
Added Pin To Net: NetName=VC11 Pin=U9-5
Added Pin To Net: NetName=CV11 Pin=U9-6
Added Pin To Net: NetName=CV12 Pin=U9-8
Added Pin To Net: NetName=VC12 Pin=U9-9
Added Pin To Net: NetName=CV13 Pin=U9-10
Added Pin To Net: NetName=VC13 Pin=U9-11
Added Pin To Net: NetName=CV14 Pin=U9-12
Added Pin To Net: NetName=VC14 Pin=U9-13
Added Room: Name=´Ó»ú
