Removed Pin From Net: NetName=VC3 Pin=IC1-2
Removed Pin From Net: NetName=CV7 Pin=IC1-3
Removed Pin From Net: NetName=VC2 Pin=IC1-4
Removed Pin From Net: NetName=CV6 Pin=IC1-5
Removed Pin From Net: NetName=VC1 Pin=IC1-6
Removed Pin From Net: NetName=CV5 Pin=IC1-7
Removed Pin From Net: NetName=VC0 Pin=IC1-8
Removed Pin From Net: NetName=CV4 Pin=IC1-9
Removed Pin From Net: NetName=VC4 Pin=IC1-11
Removed Pin From Net: NetName=CV0 Pin=IC1-12
Removed Pin From Net: NetName=VC5 Pin=IC1-13
Removed Pin From Net: NetName=CV1 Pin=IC1-14
Removed Pin From Net: NetName=VC6 Pin=IC1-15
Removed Pin From Net: NetName=CV2 Pin=IC1-16
Removed Pin From Net: NetName=VC7 Pin=IC1-17
Removed Pin From Net: NetName=CV3 Pin=IC1-18
Removed Pin From Net: NetName=VC7 Pin=IC2-8
Removed Pin From Net: NetName=VC6 Pin=IC2-9
Removed Pin From Net: NetName=VC5 Pin=IC2-10
Removed Pin From Net: NetName=VC4 Pin=IC2-11
Removed Pin From Net: NetName=VC0 Pin=IC2-13
Removed Pin From Net: NetName=VC1 Pin=IC2-14
Removed Pin From Net: NetName=VC2 Pin=IC2-15
Removed Pin From Net: NetName=VC3 Pin=IC2-16
Added Pin To Net: NetName=VC7 Pin=IC1-2
Added Pin To Net: NetName=CV3 Pin=IC1-3
Added Pin To Net: NetName=VC6 Pin=IC1-4
Added Pin To Net: NetName=CV2 Pin=IC1-5
Added Pin To Net: NetName=VC5 Pin=IC1-6
Added Pin To Net: NetName=CV1 Pin=IC1-7
Added Pin To Net: NetName=VC4 Pin=IC1-8
Added Pin To Net: NetName=CV0 Pin=IC1-9
Added Pin To Net: NetName=VC0 Pin=IC1-11
Added Pin To Net: NetName=CV4 Pin=IC1-12
Added Pin To Net: NetName=VC1 Pin=IC1-13
Added Pin To Net: NetName=CV5 Pin=IC1-14
Added Pin To Net: NetName=VC2 Pin=IC1-15
Added Pin To Net: NetName=CV6 Pin=IC1-16
Added Pin To Net: NetName=VC3 Pin=IC1-17
Added Pin To Net: NetName=CV7 Pin=IC1-18
Added Pin To Net: NetName=VC0 Pin=IC2-8
Added Pin To Net: NetName=VC1 Pin=IC2-9
Added Pin To Net: NetName=VC2 Pin=IC2-10
Added Pin To Net: NetName=VC3 Pin=IC2-11
Added Pin To Net: NetName=VC7 Pin=IC2-13
Added Pin To Net: NetName=VC6 Pin=IC2-14
Added Pin To Net: NetName=VC5 Pin=IC2-15
Added Pin To Net: NetName=VC4 Pin=IC2-16
Added Member To Class: ClassName=从机 Member=Component U5 74HC4051PW
Added Room: Name=从机
