Removed Pin From Net: NetName=IN17 Pin=R19-1
Removed Pin From Net: NetName=IN18 Pin=R19-2
Removed Pin From Net: NetName=IN19 Pin=R19-3
Removed Pin From Net: NetName=IN20 Pin=R19-4
Removed Pin From Net: NetName=GND Pin=R19-5
Removed Pin From Net: NetName=GND Pin=R19-6
Removed Pin From Net: NetName=GND Pin=R19-7
Removed Pin From Net: NetName=GND Pin=R19-8
Removed Pin From Net: NetName=IN13 Pin=R20-1
Removed Pin From Net: NetName=IN14 Pin=R20-2
Removed Pin From Net: NetName=IN15 Pin=R20-3
Removed Pin From Net: NetName=IN16 Pin=R20-4
Removed Pin From Net: NetName=GND Pin=R20-5
Removed Pin From Net: NetName=GND Pin=R20-6
Removed Pin From Net: NetName=GND Pin=R20-7
Removed Pin From Net: NetName=GND Pin=R20-8
Removed Pin From Net: NetName=IN9 Pin=R25-1
Removed Pin From Net: NetName=IN10 Pin=R25-2
Removed Pin From Net: NetName=IN11 Pin=R25-3
Removed Pin From Net: NetName=IN12 Pin=R25-4
Removed Pin From Net: NetName=GND Pin=R25-5
Removed Pin From Net: NetName=GND Pin=R25-6
Removed Pin From Net: NetName=GND Pin=R25-7
Removed Pin From Net: NetName=GND Pin=R25-8
Removed Pin From Net: NetName=IN5 Pin=R26-1
Removed Pin From Net: NetName=IN6 Pin=R26-2
Removed Pin From Net: NetName=IN7 Pin=R26-3
Removed Pin From Net: NetName=IN8 Pin=R26-4
Removed Pin From Net: NetName=GND Pin=R26-5
Removed Pin From Net: NetName=GND Pin=R26-6
Removed Pin From Net: NetName=GND Pin=R26-7
Removed Pin From Net: NetName=GND Pin=R26-8
Removed Pin From Net: NetName=IN1 Pin=R27-1
Removed Pin From Net: NetName=IN2 Pin=R27-2
Removed Pin From Net: NetName=IN3 Pin=R27-3
Removed Pin From Net: NetName=IN4 Pin=R27-4
Removed Pin From Net: NetName=GND Pin=R27-5
Removed Pin From Net: NetName=GND Pin=R27-6
Removed Pin From Net: NetName=GND Pin=R27-7
Removed Pin From Net: NetName=GND Pin=R27-8
Added Pin To Net: NetName=GND Pin=R19-1
Added Pin To Net: NetName=GND Pin=R19-2
Added Pin To Net: NetName=GND Pin=R19-3
Added Pin To Net: NetName=GND Pin=R19-4
Added Pin To Net: NetName=IN20 Pin=R19-5
Added Pin To Net: NetName=IN19 Pin=R19-6
Added Pin To Net: NetName=IN18 Pin=R19-7
Added Pin To Net: NetName=IN17 Pin=R19-8
Added Pin To Net: NetName=GND Pin=R20-1
Added Pin To Net: NetName=GND Pin=R20-2
Added Pin To Net: NetName=GND Pin=R20-3
Added Pin To Net: NetName=GND Pin=R20-4
Added Pin To Net: NetName=IN16 Pin=R20-5
Added Pin To Net: NetName=IN15 Pin=R20-6
Added Pin To Net: NetName=IN14 Pin=R20-7
Added Pin To Net: NetName=IN13 Pin=R20-8
Added Pin To Net: NetName=GND Pin=R25-1
Added Pin To Net: NetName=GND Pin=R25-2
Added Pin To Net: NetName=GND Pin=R25-3
Added Pin To Net: NetName=GND Pin=R25-4
Added Pin To Net: NetName=IN12 Pin=R25-5
Added Pin To Net: NetName=IN11 Pin=R25-6
Added Pin To Net: NetName=IN10 Pin=R25-7
Added Pin To Net: NetName=IN9 Pin=R25-8
Added Pin To Net: NetName=GND Pin=R26-1
Added Pin To Net: NetName=GND Pin=R26-2
Added Pin To Net: NetName=GND Pin=R26-3
Added Pin To Net: NetName=GND Pin=R26-4
Added Pin To Net: NetName=IN8 Pin=R26-5
Added Pin To Net: NetName=IN7 Pin=R26-6
Added Pin To Net: NetName=IN6 Pin=R26-7
Added Pin To Net: NetName=IN5 Pin=R26-8
Added Pin To Net: NetName=GND Pin=R27-1
Added Pin To Net: NetName=GND Pin=R27-2
Added Pin To Net: NetName=GND Pin=R27-3
Added Pin To Net: NetName=GND Pin=R27-4
Added Pin To Net: NetName=IN4 Pin=R27-5
Added Pin To Net: NetName=IN3 Pin=R27-6
Added Pin To Net: NetName=IN2 Pin=R27-7
Added Pin To Net: NetName=IN1 Pin=R27-8
Added Room: Name=´Ó»ú
