Removed Pin From Net: NetName=CV3 Pin=R2-1
Removed Pin From Net: NetName=CV2 Pin=R2-2
Removed Pin From Net: NetName=CV1 Pin=R2-3
Removed Pin From Net: NetName=CV0 Pin=R2-4
Removed Pin From Net: NetName=3.3V Pin=R2-5
Removed Pin From Net: NetName=3.3V Pin=R2-6
Removed Pin From Net: NetName=3.3V Pin=R2-7
Removed Pin From Net: NetName=3.3V Pin=R2-8
Removed Pin From Net: NetName=CV7 Pin=R4-1
Removed Pin From Net: NetName=CV6 Pin=R4-2
Removed Pin From Net: NetName=CV5 Pin=R4-3
Removed Pin From Net: NetName=CV4 Pin=R4-4
Removed Pin From Net: NetName=3.3V Pin=R4-5
Removed Pin From Net: NetName=3.3V Pin=R4-6
Removed Pin From Net: NetName=3.3V Pin=R4-7
Removed Pin From Net: NetName=3.3V Pin=R4-8
Removed Pin From Net: NetName=CV11 Pin=R5-1
Removed Pin From Net: NetName=CV10 Pin=R5-2
Removed Pin From Net: NetName=CV9 Pin=R5-3
Removed Pin From Net: NetName=CV8 Pin=R5-4
Removed Pin From Net: NetName=3.3V Pin=R5-5
Removed Pin From Net: NetName=3.3V Pin=R5-6
Removed Pin From Net: NetName=3.3V Pin=R5-7
Removed Pin From Net: NetName=3.3V Pin=R5-8
Removed Pin From Net: NetName=CV14 Pin=R7-2
Removed Pin From Net: NetName=CV13 Pin=R7-3
Removed Pin From Net: NetName=CV12 Pin=R7-4
Removed Pin From Net: NetName=3.3V Pin=R7-5
Removed Pin From Net: NetName=3.3V Pin=R7-6
Removed Pin From Net: NetName=3.3V Pin=R7-7
Removed Pin From Net: NetName=3.3V Pin=R7-8
Added Pin To Net: NetName=3.3V Pin=R2-1
Added Pin To Net: NetName=3.3V Pin=R2-2
Added Pin To Net: NetName=3.3V Pin=R2-3
Added Pin To Net: NetName=3.3V Pin=R2-4
Added Pin To Net: NetName=CV0 Pin=R2-5
Added Pin To Net: NetName=CV1 Pin=R2-6
Added Pin To Net: NetName=CV2 Pin=R2-7
Added Pin To Net: NetName=CV3 Pin=R2-8
Added Pin To Net: NetName=3.3V Pin=R4-1
Added Pin To Net: NetName=3.3V Pin=R4-2
Added Pin To Net: NetName=3.3V Pin=R4-3
Added Pin To Net: NetName=3.3V Pin=R4-4
Added Pin To Net: NetName=CV4 Pin=R4-5
Added Pin To Net: NetName=CV5 Pin=R4-6
Added Pin To Net: NetName=CV6 Pin=R4-7
Added Pin To Net: NetName=CV7 Pin=R4-8
Added Pin To Net: NetName=3.3V Pin=R5-1
Added Pin To Net: NetName=3.3V Pin=R5-2
Added Pin To Net: NetName=3.3V Pin=R5-3
Added Pin To Net: NetName=3.3V Pin=R5-4
Added Pin To Net: NetName=CV8 Pin=R5-5
Added Pin To Net: NetName=CV9 Pin=R5-6
Added Pin To Net: NetName=CV10 Pin=R5-7
Added Pin To Net: NetName=CV11 Pin=R5-8
Added Pin To Net: NetName=3.3V Pin=R7-1
Added Pin To Net: NetName=3.3V Pin=R7-2
Added Pin To Net: NetName=3.3V Pin=R7-3
Added Pin To Net: NetName=3.3V Pin=R7-4
Added Pin To Net: NetName=CV12 Pin=R7-5
Added Pin To Net: NetName=CV13 Pin=R7-6
Added Pin To Net: NetName=CV14 Pin=R7-7
Added Room: Name=´Ó»ú
