Removed Pin From Net: NetName=VC6 Pin=U8-1
Removed Pin From Net: NetName=CV6 Pin=U8-2
Removed Pin From Net: NetName=VC7 Pin=U8-3
Removed Pin From Net: NetName=CV7 Pin=U8-4
Removed Pin From Net: NetName=VC8 Pin=U8-5
Removed Pin From Net: NetName=CV8 Pin=U8-6
Change component parameters: Designator = "V1"; Footprint = "SOT223_L"; UniqueID = "\CLSLCWKQ"
Change component parameters. Clean all parameters for all variants
Change component parameters (AddParameter): Name = "BOM名称"; Value = "稳压芯片"; VariantName = "[No Variations]"
Change component parameters (AddParameter): Name = "欢迎光临淘宝店铺"; Value = "https://shop463601444.taobao.com"; VariantName = "[No Variations]"
Change component parameters (AddParameter): Name = "淘宝ID"; Value = "封装库来自淘宝 ID：黄晶宝石"; VariantName = "[No Variations]"
Change component parameters: Designator = "CON1"; Footprint = "DC-005"; UniqueID = "\LVSTGAXJ"
Change component parameters. Clean all parameters for all variants
Change component parameters (AddParameter): Name = "BOM名称"; Value = "DC电源接口"; VariantName = "[No Variations]"
Change component parameters (AddParameter): Name = "学习资源"; Value = "www.ooocke.com"; VariantName = "[No Variations]"
Change component parameters (AddParameter): Name = "版权归属"; Value = "源创客"; VariantName = "[No Variations]"
Change component parameters: Designator = "IC2"; Footprint = "SOP24_N"; UniqueID = "\KYFGDIYY"
Change component parameters. Clean all parameters for all variants
Change component parameters (AddParameter): Name = "BOM名称"; Value = "4线转16线译码器"; VariantName = "[No Variations]"
Change component parameters (AddParameter): Name = "学习资源"; Value = "www.ooocke.com"; VariantName = "[No Variations]"
Change component parameters (AddParameter): Name = "版权归属"; Value = "源创客"; VariantName = "[No Variations]"
Change component parameters: Designator = "IC4"; Footprint = "SOP8_L"; UniqueID = "\XLQVVIOG"
Change component parameters. Clean all parameters for all variants
Change component parameters (AddParameter): Name = "BOM名称"; Value = "CAN总线收发芯片"; VariantName = "[No Variations]"
Change component parameters (AddParameter): Name = "学习资源"; Value = "https://shop463601444.taobao.com"; VariantName = "[No Variations]"
Change component parameters (AddParameter): Name = "版权归属"; Value = "封装库来自淘宝 ID：黄晶宝石"; VariantName = "[No Variations]"
Change component parameters: Designator = "LED1"; Footprint = "LED 0603G"; UniqueID = "\BRCYWCPI"
Change component parameters. Clean all parameters for all variants
Change component parameters (AddParameter): Name = "BOM名称"; Value = "贴片LED"; VariantName = "[No Variations]"
Change component parameters (AddParameter): Name = "学习资源"; Value = "https://shop463601444.taobao.com"; VariantName = "[No Variations]"
Change component parameters (AddParameter): Name = "版权归属"; Value = "封装库来自淘宝 ID：黄晶宝石"; VariantName = "[No Variations]"
Change component parameters: Designator = "LED2"; Footprint = "LED 0603B"; UniqueID = "\OCASDRVF"
Change component parameters. Clean all parameters for all variants
Change component parameters (AddParameter): Name = "BOM名称"; Value = "贴片LED"; VariantName = "[No Variations]"
Change component parameters (AddParameter): Name = "学习资源"; Value = "https://shop463601444.taobao.com"; VariantName = "[No Variations]"
Change component parameters (AddParameter): Name = "版权归属"; Value = "封装库来自淘宝 ID：黄晶宝石"; VariantName = "[No Variations]"
Change component parameters: Designator = "LED4"; Footprint = "LED 0603G"; UniqueID = "\JFRPAKWN"
Change component parameters. Clean all parameters for all variants
Change component parameters (AddParameter): Name = "BOM名称"; Value = "贴片LED"; VariantName = "[No Variations]"
Change component parameters (AddParameter): Name = "学习资源"; Value = "https://shop463601444.taobao.com"; VariantName = "[No Variations]"
Change component parameters (AddParameter): Name = "版权归属"; Value = "封装库来自淘宝 ID：黄晶宝石"; VariantName = "[No Variations]"
Change component parameters: Designator = "LED5"; Footprint = "LED 0603R"; UniqueID = "\VKHUIIFD"
Change component parameters. Clean all parameters for all variants
Change component parameters (AddParameter): Name = "BOM名称"; Value = "贴片LED"; VariantName = "[No Variations]"
Change component parameters (AddParameter): Name = "学习资源"; Value = "https://shop463601444.taobao.com"; VariantName = "[No Variations]"
Change component parameters (AddParameter): Name = "版权归属"; Value = "封装库来自淘宝 ID：黄晶宝石"; VariantName = "[No Variations]"
Change component parameters: Designator = "SW1"; Footprint = "TSW SMD-3*6*2.5"; UniqueID = "\BDMFCNEO"
Change component parameters. Clean all parameters for all variants
Change component parameters (AddParameter): Name = "BOM名称"; Value = "3x6轻触开关"; VariantName = "[No Variations]"
Change component parameters (AddParameter): Name = "学习资源"; Value = "www.ooocke.com"; VariantName = "[No Variations]"
Change component parameters (AddParameter): Name = "版权归属"; Value = "源创客"; VariantName = "[No Variations]"
Change component parameters: Designator = "U1"; Footprint = "LQFP48 7X7_L"; UniqueID = "\CACVKXOF"
Change component parameters. Clean all parameters for all variants
Change component parameters (AddParameter): Name = "BOM名称"; Value = "32位STM单片机"; VariantName = "[No Variations]"
Change component parameters (AddParameter): Name = "学习资源"; Value = "www.ooocke.com"; VariantName = "[No Variations]"
Change component parameters (AddParameter): Name = "版权归属"; Value = "源创客"; VariantName = "[No Variations]"
Change component parameters: Designator = "JP2"; Footprint = "KF350-2P"; UniqueID = "\PHMVLSUW"
Change component parameters. Clean all parameters for all variants
Change component parameters (AddParameter): Name = "BOM名称"; Value = "2P接插件"; VariantName = "[No Variations]"
Change component parameters (AddParameter): Name = "技术支持，联系售后"; Value = "https://shop463601444.taobao.com"; VariantName = "[No Variations]"
Change component parameters (AddParameter): Name = "版权归属"; Value = "封装库来自淘宝卖家 ID：黄晶宝石"; VariantName = "[No Variations]"
Change component parameters: Designator = "R2"; Footprint = "RCA-8P4R-0603"; UniqueID = "\AVNCUTYL"
Change component parameters. Clean all parameters for all variants
Change component parameters (AddParameter): Name = "BOM名称"; Value = "贴片网络排阻"; VariantName = "[No Variations]"
Change component parameters (AddParameter): Name = "版权归属"; Value = "封装库来自淘宝 ID：黄晶宝石"; VariantName = "[No Variations]"
Change component parameters (AddParameter): Name = "联系售后"; Value = "https://shop463601444.taobao.com"; VariantName = "[No Variations]"
Change component parameters: Designator = "R4"; Footprint = "RCA-8P4R-0603"; UniqueID = "\ALWHKNID"
Change component parameters. Clean all parameters for all variants
Change component parameters (AddParameter): Name = "BOM名称"; Value = "贴片网络排阻"; VariantName = "[No Variations]"
Change component parameters (AddParameter): Name = "版权归属"; Value = "封装库来自淘宝 ID：黄晶宝石"; VariantName = "[No Variations]"
Change component parameters (AddParameter): Name = "联系售后"; Value = "https://shop463601444.taobao.com"; VariantName = "[No Variations]"
Change component parameters: Designator = "R5"; Footprint = "RCA-8P4R-0603"; UniqueID = "\YHMMTGHC"
Change component parameters. Clean all parameters for all variants
Change component parameters (AddParameter): Name = "BOM名称"; Value = "贴片网络排阻"; VariantName = "[No Variations]"
Change component parameters (AddParameter): Name = "版权归属"; Value = "封装库来自淘宝 ID：黄晶宝石"; VariantName = "[No Variations]"
Change component parameters (AddParameter): Name = "联系售后"; Value = "https://shop463601444.taobao.com"; VariantName = "[No Variations]"
Change component parameters: Designator = "R7"; Footprint = "RCA-8P4R-0603"; UniqueID = "\AVWFMFVX"
Change component parameters. Clean all parameters for all variants
Change component parameters (AddParameter): Name = "BOM名称"; Value = "贴片网络排阻"; VariantName = "[No Variations]"
Change component parameters (AddParameter): Name = "版权归属"; Value = "封装库来自淘宝 ID：黄晶宝石"; VariantName = "[No Variations]"
Change component parameters (AddParameter): Name = "联系售后"; Value = "https://shop463601444.taobao.com"; VariantName = "[No Variations]"
Change component parameters: Designator = "R19"; Footprint = "RCA-8P4R-0603"; UniqueID = "\EIUIDUCG"
Change component parameters. Clean all parameters for all variants
Change component parameters (AddParameter): Name = "BOM名称"; Value = "贴片网络排阻"; VariantName = "[No Variations]"
Change component parameters (AddParameter): Name = "版权归属"; Value = "封装库来自淘宝 ID：黄晶宝石"; VariantName = "[No Variations]"
Change component parameters (AddParameter): Name = "联系售后"; Value = "https://shop463601444.taobao.com"; VariantName = "[No Variations]"
Change component parameters: Designator = "R20"; Footprint = "RCA-8P4R-0603"; UniqueID = "\TKPTJELX"
Change component parameters. Clean all parameters for all variants
Change component parameters (AddParameter): Name = "BOM名称"; Value = "贴片网络排阻"; VariantName = "[No Variations]"
Change component parameters (AddParameter): Name = "版权归属"; Value = "封装库来自淘宝 ID：黄晶宝石"; VariantName = "[No Variations]"
Change component parameters (AddParameter): Name = "联系售后"; Value = "https://shop463601444.taobao.com"; VariantName = "[No Variations]"
Change component parameters: Designator = "R25"; Footprint = "RCA-8P4R-0603"; UniqueID = "\PSXFDBKL"
Change component parameters. Clean all parameters for all variants
Change component parameters (AddParameter): Name = "BOM名称"; Value = "贴片网络排阻"; VariantName = "[No Variations]"
Change component parameters (AddParameter): Name = "版权归属"; Value = "封装库来自淘宝 ID：黄晶宝石"; VariantName = "[No Variations]"
Change component parameters (AddParameter): Name = "联系售后"; Value = "https://shop463601444.taobao.com"; VariantName = "[No Variations]"
Change component parameters: Designator = "R26"; Footprint = "RCA-8P4R-0603"; UniqueID = "\RYLWILKJ"
Change component parameters. Clean all parameters for all variants
Change component parameters (AddParameter): Name = "BOM名称"; Value = "贴片网络排阻"; VariantName = "[No Variations]"
Change component parameters (AddParameter): Name = "版权归属"; Value = "封装库来自淘宝 ID：黄晶宝石"; VariantName = "[No Variations]"
Change component parameters (AddParameter): Name = "联系售后"; Value = "https://shop463601444.taobao.com"; VariantName = "[No Variations]"
Change component parameters: Designator = "R27"; Footprint = "RCA-8P4R-0603"; UniqueID = "\XWUYSOAG"
Change component parameters. Clean all parameters for all variants
Change component parameters (AddParameter): Name = "BOM名称"; Value = "贴片网络排阻"; VariantName = "[No Variations]"
Change component parameters (AddParameter): Name = "版权归属"; Value = "封装库来自淘宝 ID：黄晶宝石"; VariantName = "[No Variations]"
Change component parameters (AddParameter): Name = "联系售后"; Value = "https://shop463601444.taobao.com"; VariantName = "[No Variations]"
Change component parameters: Designator = "E1"; Footprint = "CD A(3216)"; UniqueID = "\FJAFBOFS"
Change component parameters. Clean all parameters for all variants
Change component parameters (AddParameter): Name = "BOM名称"; Value = "贴片钽电容"; VariantName = "[No Variations]"
Change component parameters (AddParameter): Name = "淘宝ID"; Value = "封装库来自淘宝 ID：黄晶宝石"; VariantName = "[No Variations]"
Change component parameters (AddParameter): Name = "联系售后"; Value = "https://shop463601444.taobao.com"; VariantName = "[No Variations]"
Change component parameters: Designator = "E2"; Footprint = "CD A(3216)"; UniqueID = "\IPCUUNBY"
Change component parameters. Clean all parameters for all variants
Change component parameters (AddParameter): Name = "BOM名称"; Value = "贴片钽电容"; VariantName = "[No Variations]"
Change component parameters (AddParameter): Name = "淘宝ID"; Value = "封装库来自淘宝 ID：黄晶宝石"; VariantName = "[No Variations]"
Change component parameters (AddParameter): Name = "联系售后"; Value = "https://shop463601444.taobao.com"; VariantName = "[No Variations]"
Change component parameters: Designator = "E3"; Footprint = "CD A(3216)"; UniqueID = "\HGCLWLRD"
Change component parameters. Clean all parameters for all variants
Change component parameters (AddParameter): Name = "BOM名称"; Value = "贴片钽电容"; VariantName = "[No Variations]"
Change component parameters (AddParameter): Name = "淘宝ID"; Value = "封装库来自淘宝 ID：黄晶宝石"; VariantName = "[No Variations]"
Change component parameters (AddParameter): Name = "联系售后"; Value = "https://shop463601444.taobao.com"; VariantName = "[No Variations]"
Change component parameters: Designator = "D2"; Footprint = "SOD-123"; UniqueID = "\BRSXFIQS"
Change component parameters. Clean all parameters for all variants
Change component parameters (AddParameter): Name = "BOM名称"; Value = "肖特基二极管"; VariantName = "[No Variations]"
Change component parameters (AddParameter): Name = "属性"; Value = "40V/2A"; VariantName = "[No Variations]"
Change component parameters (AddParameter): Name = "欢迎光临"; Value = "https://shop463601444.taobao.com"; VariantName = "[No Variations]"
Change component parameters (AddParameter): Name = "淘宝ID"; Value = "封装库来自淘宝 ID：黄晶宝石"; VariantName = "[No Variations]"
Change component parameters: Designator = "D3"; Footprint = "SOD-123"; UniqueID = "\XQRNPBHL"
Change component parameters. Clean all parameters for all variants
Change component parameters (AddParameter): Name = "BOM名称"; Value = "肖特基二极管"; VariantName = "[No Variations]"
Change component parameters (AddParameter): Name = "属性"; Value = "40V/2A"; VariantName = "[No Variations]"
Change component parameters (AddParameter): Name = "欢迎光临"; Value = "https://shop463601444.taobao.com"; VariantName = "[No Variations]"
Change component parameters (AddParameter): Name = "淘宝ID"; Value = "封装库来自淘宝 ID：黄晶宝石"; VariantName = "[No Variations]"
Change component parameters: Designator = "D4"; Footprint = "SOD-123"; UniqueID = "\BOAIBHRY"
Change component parameters. Clean all parameters for all variants
Change component parameters (AddParameter): Name = "BOM名称"; Value = "肖特基二极管"; VariantName = "[No Variations]"
Change component parameters (AddParameter): Name = "属性"; Value = "40V/2A"; VariantName = "[No Variations]"
Change component parameters (AddParameter): Name = "欢迎光临"; Value = "https://shop463601444.taobao.com"; VariantName = "[No Variations]"
Change component parameters (AddParameter): Name = "淘宝ID"; Value = "封装库来自淘宝 ID：黄晶宝石"; VariantName = "[No Variations]"
Change component parameters: Designator = "D5"; Footprint = "SOD-123"; UniqueID = "\YGGUERXI"
Change component parameters. Clean all parameters for all variants
Change component parameters (AddParameter): Name = "BOM名称"; Value = "肖特基二极管"; VariantName = "[No Variations]"
Change component parameters (AddParameter): Name = "属性"; Value = "40V/2A"; VariantName = "[No Variations]"
Change component parameters (AddParameter): Name = "欢迎光临"; Value = "https://shop463601444.taobao.com"; VariantName = "[No Variations]"
Change component parameters (AddParameter): Name = "淘宝ID"; Value = "封装库来自淘宝 ID：黄晶宝石"; VariantName = "[No Variations]"
Change component parameters: Designator = "R1"; Footprint = "R 0402_L"; UniqueID = "\IMCTUREN"
Change component parameters. Clean all parameters for all variants
Change component parameters (AddParameter): Name = "BOM名称"; Value = "贴片电阻"; VariantName = "[No Variations]"
Change component parameters (AddParameter): Name = "封装库来自淘宝卖家 ID：黄晶宝石"; Value = "其他店铺购入均为盗版，不享受售后技术支持服务，请立即申请退款"; VariantName = "[No Variations]"
Change component parameters (AddParameter): Name = "版权归属"; Value = "来自淘宝 ID：黄晶宝石"; VariantName = "[No Variations]"
Change component parameters (AddParameter): Name = "联系售后"; Value = "https://shop463601444.taobao.com"; VariantName = "[No Variations]"
Change component parameters: Designator = "R3"; Footprint = "R 0402_L"; UniqueID = "\ADTRHJTQ"
Change component parameters. Clean all parameters for all variants
Change component parameters (AddParameter): Name = "BOM名称"; Value = "贴片电阻"; VariantName = "[No Variations]"
Change component parameters (AddParameter): Name = "封装库来自淘宝卖家 ID：黄晶宝石"; Value = "其他店铺购入均为盗版，不享受售后技术支持服务，请立即申请退款"; VariantName = "[No Variations]"
Change component parameters (AddParameter): Name = "版权归属"; Value = "来自淘宝 ID：黄晶宝石"; VariantName = "[No Variations]"
Change component parameters (AddParameter): Name = "联系售后"; Value = "https://shop463601444.taobao.com"; VariantName = "[No Variations]"
Change component parameters: Designator = "R6"; Footprint = "R 0603_L"; UniqueID = "\VVPFXVFW"
Change component parameters. Clean all parameters for all variants
Change component parameters (AddParameter): Name = "BOM名称"; Value = "贴片电阻"; VariantName = "[No Variations]"
Change component parameters (AddParameter): Name = "封装库来自淘宝卖家 ID：黄晶宝石"; Value = "其他店铺购入均为盗版，不享受售后技术支持服务，请立即申请退款"; VariantName = "[No Variations]"
Change component parameters (AddParameter): Name = "版权归属"; Value = "来自淘宝 ID：黄晶宝石"; VariantName = "[No Variations]"
Change component parameters (AddParameter): Name = "联系售后"; Value = "https://shop463601444.taobao.com"; VariantName = "[No Variations]"
Change component parameters: Designator = "R8"; Footprint = "R 0603_L"; UniqueID = "\RIKVADEV"
Change component parameters. Clean all parameters for all variants
Change component parameters (AddParameter): Name = "BOM名称"; Value = "贴片电阻"; VariantName = "[No Variations]"
Change component parameters (AddParameter): Name = "封装库来自淘宝卖家 ID：黄晶宝石"; Value = "其他店铺购入均为盗版，不享受售后技术支持服务，请立即申请退款"; VariantName = "[No Variations]"
Change component parameters (AddParameter): Name = "版权归属"; Value = "来自淘宝 ID：黄晶宝石"; VariantName = "[No Variations]"
Change component parameters (AddParameter): Name = "联系售后"; Value = "https://shop463601444.taobao.com"; VariantName = "[No Variations]"
Change component parameters: Designator = "R9"; Footprint = "R 0402_L"; UniqueID = "\PSYWHFGW"
Change component parameters. Clean all parameters for all variants
Change component parameters (AddParameter): Name = "BOM名称"; Value = "贴片电阻"; VariantName = "[No Variations]"
Change component parameters (AddParameter): Name = "封装库来自淘宝卖家 ID：黄晶宝石"; Value = "其他店铺购入均为盗版，不享受售后技术支持服务，请立即申请退款"; VariantName = "[No Variations]"
Change component parameters (AddParameter): Name = "版权归属"; Value = "来自淘宝 ID：黄晶宝石"; VariantName = "[No Variations]"
Change component parameters (AddParameter): Name = "联系售后"; Value = "https://shop463601444.taobao.com"; VariantName = "[No Variations]"
Change component parameters: Designator = "R10"; Footprint = "R 0402_L"; UniqueID = "\FDWWYRRQ"
Change component parameters. Clean all parameters for all variants
Change component parameters (AddParameter): Name = "BOM名称"; Value = "贴片电阻"; VariantName = "[No Variations]"
Change component parameters (AddParameter): Name = "封装库来自淘宝卖家 ID：黄晶宝石"; Value = "其他店铺购入均为盗版，不享受售后技术支持服务，请立即申请退款"; VariantName = "[No Variations]"
Change component parameters (AddParameter): Name = "版权归属"; Value = "来自淘宝 ID：黄晶宝石"; VariantName = "[No Variations]"
Change component parameters (AddParameter): Name = "联系售后"; Value = "https://shop463601444.taobao.com"; VariantName = "[No Variations]"
Change component parameters: Designator = "R11"; Footprint = "R 0402_L"; UniqueID = "\SYQMYMDB"
Change component parameters. Clean all parameters for all variants
Change component parameters (AddParameter): Name = "BOM名称"; Value = "贴片电阻"; VariantName = "[No Variations]"
Change component parameters (AddParameter): Name = "封装库来自淘宝卖家 ID：黄晶宝石"; Value = "其他店铺购入均为盗版，不享受售后技术支持服务，请立即申请退款"; VariantName = "[No Variations]"
Change component parameters (AddParameter): Name = "版权归属"; Value = "来自淘宝 ID：黄晶宝石"; VariantName = "[No Variations]"
Change component parameters (AddParameter): Name = "联系售后"; Value = "https://shop463601444.taobao.com"; VariantName = "[No Variations]"
Change component parameters: Designator = "R13"; Footprint = "R 0402_L"; UniqueID = "\RLKPJNFG"
Change component parameters. Clean all parameters for all variants
Change component parameters (AddParameter): Name = "BOM名称"; Value = "贴片电阻"; VariantName = "[No Variations]"
Change component parameters (AddParameter): Name = "封装库来自淘宝卖家 ID：黄晶宝石"; Value = "其他店铺购入均为盗版，不享受售后技术支持服务，请立即申请退款"; VariantName = "[No Variations]"
Change component parameters (AddParameter): Name = "版权归属"; Value = "来自淘宝 ID：黄晶宝石"; VariantName = "[No Variations]"
Change component parameters (AddParameter): Name = "联系售后"; Value = "https://shop463601444.taobao.com"; VariantName = "[No Variations]"
Change component parameters: Designator = "R14"; Footprint = "R 0402_L"; UniqueID = "\GLAYJCTP"
Change component parameters. Clean all parameters for all variants
Change component parameters (AddParameter): Name = "BOM名称"; Value = "贴片电阻"; VariantName = "[No Variations]"
Change component parameters (AddParameter): Name = "封装库来自淘宝卖家 ID：黄晶宝石"; Value = "其他店铺购入均为盗版，不享受售后技术支持服务，请立即申请退款"; VariantName = "[No Variations]"
Change component parameters (AddParameter): Name = "版权归属"; Value = "来自淘宝 ID：黄晶宝石"; VariantName = "[No Variations]"
Change component parameters (AddParameter): Name = "联系售后"; Value = "https://shop463601444.taobao.com"; VariantName = "[No Variations]"
Change component parameters: Designator = "R15"; Footprint = "R 0402_L"; UniqueID = "\WOODFHRQ"
Change component parameters. Clean all parameters for all variants
Change component parameters (AddParameter): Name = "BOM名称"; Value = "贴片电阻"; VariantName = "[No Variations]"
Change component parameters (AddParameter): Name = "封装库来自淘宝卖家 ID：黄晶宝石"; Value = "其他店铺购入均为盗版，不享受售后技术支持服务，请立即申请退款"; VariantName = "[No Variations]"
Change component parameters (AddParameter): Name = "版权归属"; Value = "来自淘宝 ID：黄晶宝石"; VariantName = "[No Variations]"
Change component parameters (AddParameter): Name = "联系售后"; Value = "https://shop463601444.taobao.com"; VariantName = "[No Variations]"
Change component parameters: Designator = "R16"; Footprint = "R 0402_L"; UniqueID = "\WUKRITVH"
Change component parameters. Clean all parameters for all variants
Change component parameters (AddParameter): Name = "BOM名称"; Value = "贴片电阻"; VariantName = "[No Variations]"
Change component parameters (AddParameter): Name = "封装库来自淘宝卖家 ID：黄晶宝石"; Value = "其他店铺购入均为盗版，不享受售后技术支持服务，请立即申请退款"; VariantName = "[No Variations]"
Change component parameters (AddParameter): Name = "版权归属"; Value = "来自淘宝 ID：黄晶宝石"; VariantName = "[No Variations]"
Change component parameters (AddParameter): Name = "联系售后"; Value = "https://shop463601444.taobao.com"; VariantName = "[No Variations]"
Change component parameters: Designator = "R17"; Footprint = "R 0402_L"; UniqueID = "\MIATIBCO"
Change component parameters. Clean all parameters for all variants
Change component parameters (AddParameter): Name = "BOM名称"; Value = "贴片电阻"; VariantName = "[No Variations]"
Change component parameters (AddParameter): Name = "封装库来自淘宝卖家 ID：黄晶宝石"; Value = "其他店铺购入均为盗版，不享受售后技术支持服务，请立即申请退款"; VariantName = "[No Variations]"
Change component parameters (AddParameter): Name = "版权归属"; Value = "来自淘宝 ID：黄晶宝石"; VariantName = "[No Variations]"
Change component parameters (AddParameter): Name = "联系售后"; Value = "https://shop463601444.taobao.com"; VariantName = "[No Variations]"
Change component parameters: Designator = "R18"; Footprint = "R 0402_L"; UniqueID = "\LEYYEGIN"
Change component parameters. Clean all parameters for all variants
Change component parameters (AddParameter): Name = "BOM名称"; Value = "贴片电阻"; VariantName = "[No Variations]"
Change component parameters (AddParameter): Name = "封装库来自淘宝卖家 ID：黄晶宝石"; Value = "其他店铺购入均为盗版，不享受售后技术支持服务，请立即申请退款"; VariantName = "[No Variations]"
Change component parameters (AddParameter): Name = "版权归属"; Value = "来自淘宝 ID：黄晶宝石"; VariantName = "[No Variations]"
Change component parameters (AddParameter): Name = "联系售后"; Value = "https://shop463601444.taobao.com"; VariantName = "[No Variations]"
Change component parameters: Designator = "R21"; Footprint = "R 0402_L"; UniqueID = "\XOPIBLLP"
Change component parameters. Clean all parameters for all variants
Change component parameters (AddParameter): Name = "BOM名称"; Value = "贴片电阻"; VariantName = "[No Variations]"
Change component parameters (AddParameter): Name = "封装库来自淘宝卖家 ID：黄晶宝石"; Value = "其他店铺购入均为盗版，不享受售后技术支持服务，请立即申请退款"; VariantName = "[No Variations]"
Change component parameters (AddParameter): Name = "版权归属"; Value = "来自淘宝 ID：黄晶宝石"; VariantName = "[No Variations]"
Change component parameters (AddParameter): Name = "联系售后"; Value = "https://shop463601444.taobao.com"; VariantName = "[No Variations]"
Change component parameters: Designator = "R22"; Footprint = "R 0402_L"; UniqueID = "\LVARVTSL"
Change component parameters. Clean all parameters for all variants
Change component parameters (AddParameter): Name = "BOM名称"; Value = "贴片电阻"; VariantName = "[No Variations]"
Change component parameters (AddParameter): Name = "封装库来自淘宝卖家 ID：黄晶宝石"; Value = "其他店铺购入均为盗版，不享受售后技术支持服务，请立即申请退款"; VariantName = "[No Variations]"
Change component parameters (AddParameter): Name = "版权归属"; Value = "来自淘宝 ID：黄晶宝石"; VariantName = "[No Variations]"
Change component parameters (AddParameter): Name = "联系售后"; Value = "https://shop463601444.taobao.com"; VariantName = "[No Variations]"
Change component parameters: Designator = "R23"; Footprint = "R 0402_L"; UniqueID = "\OGPDKQFL"
Change component parameters. Clean all parameters for all variants
Change component parameters (AddParameter): Name = "BOM名称"; Value = "贴片电阻"; VariantName = "[No Variations]"
Change component parameters (AddParameter): Name = "封装库来自淘宝卖家 ID：黄晶宝石"; Value = "其他店铺购入均为盗版，不享受售后技术支持服务，请立即申请退款"; VariantName = "[No Variations]"
Change component parameters (AddParameter): Name = "版权归属"; Value = "来自淘宝 ID：黄晶宝石"; VariantName = "[No Variations]"
Change component parameters (AddParameter): Name = "联系售后"; Value = "https://shop463601444.taobao.com"; VariantName = "[No Variations]"
Change component parameters: Designator = "R24"; Footprint = "R 0402_L"; UniqueID = "\ULAAONCT"
Change component parameters. Clean all parameters for all variants
Change component parameters (AddParameter): Name = "BOM名称"; Value = "贴片电阻"; VariantName = "[No Variations]"
Change component parameters (AddParameter): Name = "封装库来自淘宝卖家 ID：黄晶宝石"; Value = "其他店铺购入均为盗版，不享受售后技术支持服务，请立即申请退款"; VariantName = "[No Variations]"
Change component parameters (AddParameter): Name = "版权归属"; Value = "来自淘宝 ID：黄晶宝石"; VariantName = "[No Variations]"
Change component parameters (AddParameter): Name = "联系售后"; Value = "https://shop463601444.taobao.com"; VariantName = "[No Variations]"
Change component parameters: Designator = "D1"; Footprint = "SMA"; UniqueID = "\DGRIFLRG"
Change component parameters. Clean all parameters for all variants
Change component parameters (AddParameter): Name = "BOM名称"; Value = "肖特基二极管"; VariantName = "[No Variations]"
Change component parameters (AddParameter): Name = "学习资源"; Value = "www.ooocke.com"; VariantName = "[No Variations]"
Change component parameters (AddParameter): Name = "属性"; Value = "40V/3A"; VariantName = "[No Variations]"
Change component parameters (AddParameter): Name = "版权归属"; Value = "源创客"; VariantName = "[No Variations]"
Change component parameters: Designator = "X1"; Footprint = "OSC 5032-2P"; UniqueID = "\SRNTARPB"
Change component parameters. Clean all parameters for all variants
Change component parameters (AddParameter): Name = "BOM名称"; Value = "2脚无源脚晶振"; VariantName = "[No Variations]"
Change component parameters (AddParameter): Name = "学习资源"; Value = "www.ooocke.com"; VariantName = "[No Variations]"
Change component parameters (AddParameter): Name = "版权归属"; Value = "源创客"; VariantName = "[No Variations]"
Change component parameters (AddParameter): Name = "负载电容"; Value = "CL20pF"; VariantName = "[No Variations]"
Change component parameters: Designator = "C1"; Footprint = "C 0402_L"; UniqueID = "\TAQEVVTG"
Change component parameters. Clean all parameters for all variants
Change component parameters (AddParameter): Name = "BOM名称"; Value = "无极性贴片电容"; VariantName = "[No Variations]"
Change component parameters (AddParameter): Name = "唯一出售店铺网址"; Value = "https://shop463601444.taobao.com"; VariantName = "[No Variations]"
Change component parameters (AddParameter): Name = "淘宝ID"; Value = "封装库来自淘宝 ID：黄晶宝石"; VariantName = "[No Variations]"
Change component parameters (AddParameter): Name = "联系售后，技术支持"; Value = "https://shop463601444.taobao.com"; VariantName = "[No Variations]"
Change component parameters: Designator = "C2"; Footprint = "C 0402_L"; UniqueID = "\KEDQKWKI"
Change component parameters. Clean all parameters for all variants
Change component parameters (AddParameter): Name = "BOM名称"; Value = "无极性贴片电容"; VariantName = "[No Variations]"
Change component parameters (AddParameter): Name = "唯一出售店铺网址"; Value = "https://shop463601444.taobao.com"; VariantName = "[No Variations]"
Change component parameters (AddParameter): Name = "淘宝ID"; Value = "封装库来自淘宝 ID：黄晶宝石"; VariantName = "[No Variations]"
Change component parameters (AddParameter): Name = "联系售后，技术支持"; Value = "https://shop463601444.taobao.com"; VariantName = "[No Variations]"
Change component parameters: Designator = "C3"; Footprint = "C 0402_L"; UniqueID = "\FGOWKNPJ"
Change component parameters. Clean all parameters for all variants
Change component parameters (AddParameter): Name = "BOM名称"; Value = "无极性贴片电容"; VariantName = "[No Variations]"
Change component parameters (AddParameter): Name = "唯一出售店铺网址"; Value = "https://shop463601444.taobao.com"; VariantName = "[No Variations]"
Change component parameters (AddParameter): Name = "淘宝ID"; Value = "封装库来自淘宝 ID：黄晶宝石"; VariantName = "[No Variations]"
Change component parameters (AddParameter): Name = "联系售后，技术支持"; Value = "https://shop463601444.taobao.com"; VariantName = "[No Variations]"
Change component parameters: Designator = "C4"; Footprint = "C 0402_L"; UniqueID = "\PMTPKUJL"
Change component parameters. Clean all parameters for all variants
Change component parameters (AddParameter): Name = "BOM名称"; Value = "无极性贴片电容"; VariantName = "[No Variations]"
Change component parameters (AddParameter): Name = "唯一出售店铺网址"; Value = "https://shop463601444.taobao.com"; VariantName = "[No Variations]"
Change component parameters (AddParameter): Name = "淘宝ID"; Value = "封装库来自淘宝 ID：黄晶宝石"; VariantName = "[No Variations]"
Change component parameters (AddParameter): Name = "联系售后，技术支持"; Value = "https://shop463601444.taobao.com"; VariantName = "[No Variations]"
Change component parameters: Designator = "C6"; Footprint = "C 0402_L"; UniqueID = "\EMHEFRNV"
Change component parameters. Clean all parameters for all variants
Change component parameters (AddParameter): Name = "BOM名称"; Value = "无极性贴片电容"; VariantName = "[No Variations]"
Change component parameters (AddParameter): Name = "唯一出售店铺网址"; Value = "https://shop463601444.taobao.com"; VariantName = "[No Variations]"
Change component parameters (AddParameter): Name = "淘宝ID"; Value = "封装库来自淘宝 ID：黄晶宝石"; VariantName = "[No Variations]"
Change component parameters (AddParameter): Name = "联系售后，技术支持"; Value = "https://shop463601444.taobao.com"; VariantName = "[No Variations]"
Change component parameters: Designator = "C7"; Footprint = "C 0402_L"; UniqueID = "\REJVPHCU"
Change component parameters. Clean all parameters for all variants
Change component parameters (AddParameter): Name = "BOM名称"; Value = "无极性贴片电容"; VariantName = "[No Variations]"
Change component parameters (AddParameter): Name = "唯一出售店铺网址"; Value = "https://shop463601444.taobao.com"; VariantName = "[No Variations]"
Change component parameters (AddParameter): Name = "淘宝ID"; Value = "封装库来自淘宝 ID：黄晶宝石"; VariantName = "[No Variations]"
Change component parameters (AddParameter): Name = "联系售后，技术支持"; Value = "https://shop463601444.taobao.com"; VariantName = "[No Variations]"
Change component parameters: Designator = "C8"; Footprint = "C 0402_L"; UniqueID = "\OJAKWBVM"
Change component parameters. Clean all parameters for all variants
Change component parameters (AddParameter): Name = "BOM名称"; Value = "无极性贴片电容"; VariantName = "[No Variations]"
Change component parameters (AddParameter): Name = "唯一出售店铺网址"; Value = "https://shop463601444.taobao.com"; VariantName = "[No Variations]"
Change component parameters (AddParameter): Name = "淘宝ID"; Value = "封装库来自淘宝 ID：黄晶宝石"; VariantName = "[No Variations]"
Change component parameters (AddParameter): Name = "联系售后，技术支持"; Value = "https://shop463601444.taobao.com"; VariantName = "[No Variations]"
Change component parameters: Designator = "C9"; Footprint = "C 0402_L"; UniqueID = "\HGGPMPFH"
Change component parameters. Clean all parameters for all variants
Change component parameters (AddParameter): Name = "BOM名称"; Value = "无极性贴片电容"; VariantName = "[No Variations]"
Change component parameters (AddParameter): Name = "唯一出售店铺网址"; Value = "https://shop463601444.taobao.com"; VariantName = "[No Variations]"
Change component parameters (AddParameter): Name = "淘宝ID"; Value = "封装库来自淘宝 ID：黄晶宝石"; VariantName = "[No Variations]"
Change component parameters (AddParameter): Name = "联系售后，技术支持"; Value = "https://shop463601444.taobao.com"; VariantName = "[No Variations]"
Change component parameters: Designator = "C10"; Footprint = "C 0402_L"; UniqueID = "\IOWJXRIY"
Change component parameters. Clean all parameters for all variants
Change component parameters (AddParameter): Name = "BOM名称"; Value = "无极性贴片电容"; VariantName = "[No Variations]"
Change component parameters (AddParameter): Name = "唯一出售店铺网址"; Value = "https://shop463601444.taobao.com"; VariantName = "[No Variations]"
Change component parameters (AddParameter): Name = "淘宝ID"; Value = "封装库来自淘宝 ID：黄晶宝石"; VariantName = "[No Variations]"
Change component parameters (AddParameter): Name = "联系售后，技术支持"; Value = "https://shop463601444.taobao.com"; VariantName = "[No Variations]"
Change component parameters: Designator = "C12"; Footprint = "C 0402_L"; UniqueID = "\XXCPIXHF"
Change component parameters. Clean all parameters for all variants
Change component parameters (AddParameter): Name = "BOM名称"; Value = "无极性贴片电容"; VariantName = "[No Variations]"
Change component parameters (AddParameter): Name = "唯一出售店铺网址"; Value = "https://shop463601444.taobao.com"; VariantName = "[No Variations]"
Change component parameters (AddParameter): Name = "淘宝ID"; Value = "封装库来自淘宝 ID：黄晶宝石"; VariantName = "[No Variations]"
Change component parameters (AddParameter): Name = "联系售后，技术支持"; Value = "https://shop463601444.taobao.com"; VariantName = "[No Variations]"
Change component parameters: Designator = "C13"; Footprint = "C 0402_L"; UniqueID = "\VTKVJDUX"
Change component parameters. Clean all parameters for all variants
Change component parameters (AddParameter): Name = "BOM名称"; Value = "无极性贴片电容"; VariantName = "[No Variations]"
Change component parameters (AddParameter): Name = "唯一出售店铺网址"; Value = "https://shop463601444.taobao.com"; VariantName = "[No Variations]"
Change component parameters (AddParameter): Name = "淘宝ID"; Value = "封装库来自淘宝 ID：黄晶宝石"; VariantName = "[No Variations]"
Change component parameters (AddParameter): Name = "联系售后，技术支持"; Value = "https://shop463601444.taobao.com"; VariantName = "[No Variations]"
Change component parameters: Designator = "C14"; Footprint = "C 0402_L"; UniqueID = "\YVWUWYLW"
Change component parameters. Clean all parameters for all variants
Change component parameters (AddParameter): Name = "BOM名称"; Value = "无极性贴片电容"; VariantName = "[No Variations]"
Change component parameters (AddParameter): Name = "唯一出售店铺网址"; Value = "https://shop463601444.taobao.com"; VariantName = "[No Variations]"
Change component parameters (AddParameter): Name = "淘宝ID"; Value = "封装库来自淘宝 ID：黄晶宝石"; VariantName = "[No Variations]"
Change component parameters (AddParameter): Name = "联系售后，技术支持"; Value = "https://shop463601444.taobao.com"; VariantName = "[No Variations]"
Change component parameters: Designator = "C15"; Footprint = "C 0402_L"; UniqueID = "\LMKCAKPL"
Change component parameters. Clean all parameters for all variants
Change component parameters (AddParameter): Name = "BOM名称"; Value = "无极性贴片电容"; VariantName = "[No Variations]"
Change component parameters (AddParameter): Name = "唯一出售店铺网址"; Value = "https://shop463601444.taobao.com"; VariantName = "[No Variations]"
Change component parameters (AddParameter): Name = "淘宝ID"; Value = "封装库来自淘宝 ID：黄晶宝石"; VariantName = "[No Variations]"
Change component parameters (AddParameter): Name = "联系售后，技术支持"; Value = "https://shop463601444.taobao.com"; VariantName = "[No Variations]"
Change component parameters: Designator = "C16"; Footprint = "C 0402_L"; UniqueID = "\IWRARGVF"
Change component parameters. Clean all parameters for all variants
Change component parameters (AddParameter): Name = "BOM名称"; Value = "无极性贴片电容"; VariantName = "[No Variations]"
Change component parameters (AddParameter): Name = "唯一出售店铺网址"; Value = "https://shop463601444.taobao.com"; VariantName = "[No Variations]"
Change component parameters (AddParameter): Name = "淘宝ID"; Value = "封装库来自淘宝 ID：黄晶宝石"; VariantName = "[No Variations]"
Change component parameters (AddParameter): Name = "联系售后，技术支持"; Value = "https://shop463601444.taobao.com"; VariantName = "[No Variations]"
Change component parameters: Designator = "C17"; Footprint = "C 0402_L"; UniqueID = "\UGYFGYJA"
Change component parameters. Clean all parameters for all variants
Change component parameters (AddParameter): Name = "BOM名称"; Value = "无极性贴片电容"; VariantName = "[No Variations]"
Change component parameters (AddParameter): Name = "唯一出售店铺网址"; Value = "https://shop463601444.taobao.com"; VariantName = "[No Variations]"
Change component parameters (AddParameter): Name = "淘宝ID"; Value = "封装库来自淘宝 ID：黄晶宝石"; VariantName = "[No Variations]"
Change component parameters (AddParameter): Name = "联系售后，技术支持"; Value = "https://shop463601444.taobao.com"; VariantName = "[No Variations]"
Added Pin To Net: NetName=CV6 Pin=U8-8
Added Pin To Net: NetName=VC6 Pin=U8-9
Added Pin To Net: NetName=CV7 Pin=U8-10
Added Pin To Net: NetName=VC7 Pin=U8-11
Added Pin To Net: NetName=CV8 Pin=U8-12
Added Pin To Net: NetName=VC8 Pin=U8-13
Added Room: Name=从机
